{"D:\\_XZONE_\\___MEAN___\\captionsconnection\\src\\app_server\\server.js":{"path":"D:\\_XZONE_\\___MEAN___\\captionsconnection\\src\\app_server\\server.js","statementMap":{"0":{"start":{"line":3,"column":12},"end":{"line":3,"column":28}},"1":{"start":{"line":9,"column":0},"end":{"line":41,"column":1}},"2":{"start":{"line":12,"column":8},"end":{"line":12,"column":69}},"3":{"start":{"line":13,"column":18},"end":{"line":21,"column":10}},"4":{"start":{"line":16,"column":12},"end":{"line":16,"column":55}},"5":{"start":{"line":17,"column":12},"end":{"line":20,"column":14}},"6":{"start":{"line":25,"column":18},"end":{"line":40,"column":6}},"7":{"start":{"line":26,"column":8},"end":{"line":28,"column":10}},"8":{"start":{"line":29,"column":8},"end":{"line":32,"column":10}},"9":{"start":{"line":33,"column":8},"end":{"line":35,"column":10}},"10":{"start":{"line":36,"column":8},"end":{"line":36,"column":62}},"11":{"start":{"line":37,"column":8},"end":{"line":39,"column":10}},"12":{"start":{"line":44,"column":0},"end":{"line":44,"column":25}}},"fnMap":{"0":{"name":"(anonymous_0)","decl":{"start":{"line":15,"column":33},"end":{"line":15,"column":34}},"loc":{"start":{"line":15,"column":45},"end":{"line":21,"column":9}},"line":15},"1":{"name":"(anonymous_1)","decl":{"start":{"line":25,"column":46},"end":{"line":25,"column":47}},"loc":{"start":{"line":25,"column":52},"end":{"line":40,"column":5}},"line":25}},"branchMap":{"0":{"loc":{"start":{"line":9,"column":0},"end":{"line":41,"column":1}},"type":"if","locations":[{"start":{"line":9,"column":0},"end":{"line":41,"column":1}},{"start":{"line":9,"column":0},"end":{"line":41,"column":1}}],"line":9}},"s":{"0":1,"1":1,"2":0,"3":0,"4":0,"5":0,"6":1,"7":1,"8":1,"9":1,"10":1,"11":1,"12":1},"f":{"0":0,"1":1},"b":{"0":[0,1]},"_coverageSchema":"1a1c01bbd47fc00a2c39e90264f33305004495a9","hash":"ae4b982c6a825d8a4ed1e15d75c4389423189cfe","contentHash":"90e163a721c2edf31ba9a16ebedcf11e0ed09dfd6c0aa0feb3de538e5d269ebd"},"D:\\_XZONE_\\___MEAN___\\captionsconnection\\src\\app_server\\app.js":{"path":"D:\\_XZONE_\\___MEAN___\\captionsconnection\\src\\app_server\\app.js","statementMap":{"0":{"start":{"line":3,"column":16},"end":{"line":3,"column":34}},"1":{"start":{"line":4,"column":12},"end":{"line":4,"column":21}},"2":{"start":{"line":5,"column":15},"end":{"line":5,"column":32}},"3":{"start":{"line":6,"column":13},"end":{"line":6,"column":28}},"4":{"start":{"line":7,"column":14},"end":{"line":7,"column":30}},"5":{"start":{"line":15,"column":0},"end":{"line":15,"column":52}},"6":{"start":{"line":18,"column":4},"end":{"line":20,"column":39}},"7":{"start":{"line":23,"column":16},"end":{"line":23,"column":53}},"8":{"start":{"line":29,"column":0},"end":{"line":29,"column":27}},"9":{"start":{"line":30,"column":0},"end":{"line":30,"column":47}},"10":{"start":{"line":31,"column":0},"end":{"line":31,"column":45}},"11":{"start":{"line":32,"column":0},"end":{"line":32,"column":45}},"12":{"start":{"line":33,"column":0},"end":{"line":33,"column":24}},"13":{"start":{"line":34,"column":0},"end":{"line":34,"column":29}},"14":{"start":{"line":37,"column":0},"end":{"line":37,"column":23}},"15":{"start":{"line":44,"column":0},"end":{"line":44,"column":24}},"16":{"start":{"line":45,"column":0},"end":{"line":45,"column":23}},"17":{"start":{"line":46,"column":0},"end":{"line":46,"column":68}},"18":{"start":{"line":51,"column":22},"end":{"line":51,"column":57}},"19":{"start":{"line":52,"column":25},"end":{"line":52,"column":66}},"20":{"start":{"line":53,"column":21},"end":{"line":53,"column":54}},"21":{"start":{"line":54,"column":19},"end":{"line":54,"column":48}},"22":{"start":{"line":56,"column":19},"end":{"line":56,"column":55}},"23":{"start":{"line":62,"column":0},"end":{"line":62,"column":39}},"24":{"start":{"line":63,"column":0},"end":{"line":63,"column":45}},"25":{"start":{"line":64,"column":0},"end":{"line":64,"column":37}},"26":{"start":{"line":65,"column":0},"end":{"line":65,"column":33}},"27":{"start":{"line":68,"column":0},"end":{"line":68,"column":28}},"28":{"start":{"line":69,"column":0},"end":{"line":72,"column":3}},"29":{"start":{"line":71,"column":4},"end":{"line":71,"column":25}},"30":{"start":{"line":78,"column":0},"end":{"line":80,"column":3}},"31":{"start":{"line":79,"column":4},"end":{"line":79,"column":48}},"32":{"start":{"line":82,"column":0},"end":{"line":87,"column":3}},"33":{"start":{"line":84,"column":4},"end":{"line":84,"column":31}},"34":{"start":{"line":85,"column":4},"end":{"line":85,"column":46}},"35":{"start":{"line":85,"column":25},"end":{"line":85,"column":46}},"36":{"start":{"line":86,"column":4},"end":{"line":86,"column":49}},"37":{"start":{"line":91,"column":0},"end":{"line":91,"column":21}}},"fnMap":{"0":{"name":"(anonymous_0)","decl":{"start":{"line":69,"column":14},"end":{"line":69,"column":15}},"loc":{"start":{"line":69,"column":28},"end":{"line":72,"column":1}},"line":69},"1":{"name":"(anonymous_1)","decl":{"start":{"line":78,"column":8},"end":{"line":78,"column":9}},"loc":{"start":{"line":78,"column":28},"end":{"line":80,"column":1}},"line":78},"2":{"name":"(anonymous_2)","decl":{"start":{"line":82,"column":8},"end":{"line":82,"column":9}},"loc":{"start":{"line":82,"column":39},"end":{"line":87,"column":1}},"line":82}},"branchMap":{"0":{"loc":{"start":{"line":15,"column":14},"end":{"line":15,"column":51}},"type":"binary-expr","locations":[{"start":{"line":15,"column":14},"end":{"line":15,"column":34}},{"start":{"line":15,"column":38},"end":{"line":15,"column":51}}],"line":15},"1":{"loc":{"start":{"line":18,"column":4},"end":{"line":20,"column":39}},"type":"cond-expr","locations":[{"start":{"line":19,"column":10},"end":{"line":19,"column":44}},{"start":{"line":20,"column":10},"end":{"line":20,"column":39}}],"line":18},"2":{"loc":{"start":{"line":85,"column":4},"end":{"line":85,"column":46}},"type":"if","locations":[{"start":{"line":85,"column":4},"end":{"line":85,"column":46}},{"start":{"line":85,"column":4},"end":{"line":85,"column":46}}],"line":85}},"s":{"0":1,"1":1,"2":1,"3":1,"4":1,"5":1,"6":1,"7":1,"8":1,"9":1,"10":1,"11":1,"12":1,"13":1,"14":1,"15":1,"16":1,"17":1,"18":1,"19":1,"20":1,"21":1,"22":1,"23":1,"24":1,"25":1,"26":1,"27":1,"28":1,"29":1,"30":1,"31":0,"32":1,"33":0,"34":0,"35":0,"36":0,"37":1},"f":{"0":1,"1":0,"2":0},"b":{"0":[1,1],"1":[0,1],"2":[0,0]},"_coverageSchema":"1a1c01bbd47fc00a2c39e90264f33305004495a9","hash":"bb518a6aa2369b61eaeb1d1712b478b2780ec1c5","contentHash":"c1e920779ba9141ad070149c32539ba130f9e14a5ec32b98fe54b01377fed040"},"D:\\_XZONE_\\___MEAN___\\captionsconnection\\src\\app_server\\_configs\\general.js":{"path":"D:\\_XZONE_\\___MEAN___\\captionsconnection\\src\\app_server\\_configs\\general.js","statementMap":{"0":{"start":{"line":3,"column":20},"end":{"line":42,"column":1}},"1":{"start":{"line":44,"column":0},"end":{"line":44,"column":37}}},"fnMap":{},"branchMap":{},"s":{"0":1,"1":1},"f":{},"b":{},"_coverageSchema":"1a1c01bbd47fc00a2c39e90264f33305004495a9","hash":"644fee7c3139d9993537f73b3b4666dbd7edb8df","contentHash":"d04fb38eb400edcf4678dabdb100289583ac601c41ccecde9f9ed44392e9839d"},"D:\\_XZONE_\\___MEAN___\\captionsconnection\\src\\app_server\\_helpers\\hlpPrintConsole.js":{"path":"D:\\_XZONE_\\___MEAN___\\captionsconnection\\src\\app_server\\_helpers\\hlpPrintConsole.js","statementMap":{"0":{"start":{"line":1,"column":0},"end":{"line":30,"column":2}},"1":{"start":{"line":2,"column":18},"end":{"line":2,"column":33}},"2":{"start":{"line":3,"column":18},"end":{"line":3,"column":32}},"3":{"start":{"line":4,"column":18},"end":{"line":4,"column":32}},"4":{"start":{"line":7,"column":4},"end":{"line":7,"column":23}},"5":{"start":{"line":8,"column":4},"end":{"line":8,"column":34}},"6":{"start":{"line":11,"column":4},"end":{"line":29,"column":5}},"7":{"start":{"line":12,"column":8},"end":{"line":17,"column":9}},"8":{"start":{"line":13,"column":12},"end":{"line":13,"column":45}},"9":{"start":{"line":14,"column":12},"end":{"line":14,"column":40}},"10":{"start":{"line":16,"column":12},"end":{"line":16,"column":54}},"11":{"start":{"line":19,"column":8},"end":{"line":28,"column":9}},"12":{"start":{"line":20,"column":12},"end":{"line":25,"column":13}},"13":{"start":{"line":24,"column":16},"end":{"line":24,"column":44}},"14":{"start":{"line":27,"column":12},"end":{"line":27,"column":37}}},"fnMap":{"0":{"name":"(anonymous_0)","decl":{"start":{"line":1,"column":18},"end":{"line":1,"column":19}},"loc":{"start":{"line":1,"column":44},"end":{"line":30,"column":1}},"line":1}},"branchMap":{"0":{"loc":{"start":{"line":11,"column":4},"end":{"line":29,"column":5}},"type":"if","locations":[{"start":{"line":11,"column":4},"end":{"line":29,"column":5}},{"start":{"line":11,"column":4},"end":{"line":29,"column":5}}],"line":11},"1":{"loc":{"start":{"line":12,"column":8},"end":{"line":17,"column":9}},"type":"if","locations":[{"start":{"line":12,"column":8},"end":{"line":17,"column":9}},{"start":{"line":12,"column":8},"end":{"line":17,"column":9}}],"line":12},"2":{"loc":{"start":{"line":19,"column":8},"end":{"line":28,"column":9}},"type":"if","locations":[{"start":{"line":19,"column":8},"end":{"line":28,"column":9}},{"start":{"line":19,"column":8},"end":{"line":28,"column":9}}],"line":19},"3":{"loc":{"start":{"line":20,"column":12},"end":{"line":25,"column":13}},"type":"if","locations":[{"start":{"line":20,"column":12},"end":{"line":25,"column":13}},{"start":{"line":20,"column":12},"end":{"line":25,"column":13}}],"line":20}},"s":{"0":1,"1":1,"2":1,"3":1,"4":1,"5":1,"6":1,"7":1,"8":0,"9":0,"10":1,"11":0,"12":0,"13":0,"14":0},"f":{"0":1},"b":{"0":[1,0],"1":[0,1],"2":[0,0],"3":[0,0]},"_coverageSchema":"1a1c01bbd47fc00a2c39e90264f33305004495a9","hash":"b2b9e6a5f03408dd0ca850cca85f22b300c2af87","contentHash":"5fe6aca250ba748bdee6a47eba3c81f00fe9ea5ce801690215e425bf695fc518"},"D:\\_XZONE_\\___MEAN___\\captionsconnection\\src\\app_server\\Channel\\channel.routes.js":{"path":"D:\\_XZONE_\\___MEAN___\\captionsconnection\\src\\app_server\\Channel\\channel.routes.js","statementMap":{"0":{"start":{"line":2,"column":26},"end":{"line":2,"column":44}},"1":{"start":{"line":4,"column":26},"end":{"line":4,"column":35}},"2":{"start":{"line":9,"column":26},"end":{"line":9,"column":57}},"3":{"start":{"line":11,"column":26},"end":{"line":11,"column":57}},"4":{"start":{"line":17,"column":0},"end":{"line":20,"column":3}},"5":{"start":{"line":18,"column":4},"end":{"line":18,"column":56}},"6":{"start":{"line":19,"column":4},"end":{"line":19,"column":25}},"7":{"start":{"line":24,"column":0},"end":{"line":24,"column":141}},"8":{"start":{"line":26,"column":0},"end":{"line":26,"column":134}},"9":{"start":{"line":34,"column":0},"end":{"line":34,"column":28}}},"fnMap":{"0":{"name":"(anonymous_0)","decl":{"start":{"line":17,"column":20},"end":{"line":17,"column":21}},"loc":{"start":{"line":17,"column":33},"end":{"line":20,"column":1}},"line":17}},"branchMap":{},"s":{"0":1,"1":1,"2":1,"3":1,"4":1,"5":0,"6":0,"7":1,"8":1,"9":1},"f":{"0":0},"b":{},"_coverageSchema":"1a1c01bbd47fc00a2c39e90264f33305004495a9","hash":"e6c3c70f63b09d42ea1b0d891e290721c23bb9eb","contentHash":"1b19f45086c0095961acba695c6def1dad21b94943fd3472194c27ebcc235764"},"D:\\_XZONE_\\___MEAN___\\captionsconnection\\src\\app_server\\Channel\\channel.controller.js":{"path":"D:\\_XZONE_\\___MEAN___\\captionsconnection\\src\\app_server\\Channel\\channel.controller.js","statementMap":{"0":{"start":{"line":4,"column":21},"end":{"line":4,"column":55}},"1":{"start":{"line":6,"column":16},"end":{"line":6,"column":42}},"2":{"start":{"line":7,"column":15},"end":{"line":7,"column":48}},"3":{"start":{"line":8,"column":13},"end":{"line":8,"column":42}},"4":{"start":{"line":10,"column":19},"end":{"line":10,"column":60}},"5":{"start":{"line":12,"column":26},"end":{"line":12,"column":28}},"6":{"start":{"line":21,"column":0},"end":{"line":73,"column":2}},"7":{"start":{"line":23,"column":4},"end":{"line":72,"column":5}},"8":{"start":{"line":26,"column":8},"end":{"line":57,"column":10}},"9":{"start":{"line":29,"column":16},"end":{"line":55,"column":17}},"10":{"start":{"line":30,"column":20},"end":{"line":34,"column":22}},"11":{"start":{"line":36,"column":20},"end":{"line":43,"column":22}},"12":{"start":{"line":46,"column":20},"end":{"line":54,"column":21}},"13":{"start":{"line":47,"column":24},"end":{"line":49,"column":27}},"14":{"start":{"line":51,"column":24},"end":{"line":53,"column":27}},"15":{"start":{"line":59,"column":8},"end":{"line":63,"column":10}},"16":{"start":{"line":64,"column":8},"end":{"line":71,"column":10}},"17":{"start":{"line":78,"column":0},"end":{"line":430,"column":2}},"18":{"start":{"line":80,"column":4},"end":{"line":428,"column":5}},"19":{"start":{"line":88,"column":28},"end":{"line":88,"column":48}},"20":{"start":{"line":90,"column":8},"end":{"line":410,"column":11}},"21":{"start":{"line":91,"column":12},"end":{"line":409,"column":13}},"22":{"start":{"line":92,"column":16},"end":{"line":96,"column":18}},"23":{"start":{"line":98,"column":16},"end":{"line":105,"column":18}},"24":{"start":{"line":108,"column":16},"end":{"line":408,"column":17}},"25":{"start":{"line":109,"column":20},"end":{"line":116,"column":22}},"26":{"start":{"line":118,"column":37},"end":{"line":118,"column":58}},"27":{"start":{"line":121,"column":20},"end":{"line":406,"column":23}},"28":{"start":{"line":122,"column":24},"end":{"line":405,"column":25}},"29":{"start":{"line":124,"column":28},"end":{"line":128,"column":30}},"30":{"start":{"line":129,"column":28},"end":{"line":136,"column":30}},"31":{"start":{"line":139,"column":28},"end":{"line":403,"column":30}},"32":{"start":{"line":145,"column":36},"end":{"line":401,"column":37}},"33":{"start":{"line":147,"column":40},"end":{"line":151,"column":42}},"34":{"start":{"line":152,"column":40},"end":{"line":159,"column":42}},"35":{"start":{"line":162,"column":40},"end":{"line":244,"column":41}},"36":{"start":{"line":163,"column":44},"end":{"line":167,"column":46}},"37":{"start":{"line":168,"column":57},"end":{"line":168,"column":78}},"38":{"start":{"line":170,"column":44},"end":{"line":173,"column":46}},"39":{"start":{"line":176,"column":44},"end":{"line":180,"column":46}},"40":{"start":{"line":181,"column":66},"end":{"line":185,"column":77}},"41":{"start":{"line":186,"column":44},"end":{"line":190,"column":46}},"42":{"start":{"line":191,"column":44},"end":{"line":202,"column":47}},"43":{"start":{"line":203,"column":44},"end":{"line":207,"column":46}},"44":{"start":{"line":208,"column":44},"end":{"line":242,"column":46}},"45":{"start":{"line":211,"column":52},"end":{"line":240,"column":53}},"46":{"start":{"line":212,"column":56},"end":{"line":216,"column":58}},"47":{"start":{"line":218,"column":56},"end":{"line":225,"column":58}},"48":{"start":{"line":227,"column":56},"end":{"line":231,"column":58}},"49":{"start":{"line":235,"column":60},"end":{"line":235,"column":92}},"50":{"start":{"line":236,"column":56},"end":{"line":239,"column":58}},"51":{"start":{"line":250,"column":44},"end":{"line":254,"column":46}},"52":{"start":{"line":257,"column":44},"end":{"line":397,"column":46}},"53":{"start":{"line":268,"column":52},"end":{"line":395,"column":53}},"54":{"start":{"line":269,"column":56},"end":{"line":273,"column":58}},"55":{"start":{"line":274,"column":56},"end":{"line":281,"column":58}},"56":{"start":{"line":285,"column":56},"end":{"line":391,"column":58}},"57":{"start":{"line":294,"column":64},"end":{"line":389,"column":65}},"58":{"start":{"line":295,"column":68},"end":{"line":299,"column":70}},"59":{"start":{"line":300,"column":68},"end":{"line":307,"column":70}},"60":{"start":{"line":308,"column":71},"end":{"line":389,"column":65}},"61":{"start":{"line":312,"column":68},"end":{"line":369,"column":70}},"62":{"start":{"line":329,"column":76},"end":{"line":367,"column":77}},"63":{"start":{"line":332,"column":80},"end":{"line":336,"column":82}},"64":{"start":{"line":337,"column":80},"end":{"line":344,"column":82}},"65":{"start":{"line":345,"column":83},"end":{"line":367,"column":77}},"66":{"start":{"line":352,"column":80},"end":{"line":364,"column":82}},"67":{"start":{"line":375,"column":68},"end":{"line":386,"column":70}},"68":{"start":{"line":415,"column":8},"end":{"line":419,"column":10}},"69":{"start":{"line":420,"column":8},"end":{"line":427,"column":10}},"70":{"start":{"line":443,"column":0},"end":{"line":443,"column":35}}},"fnMap":{"0":{"name":"(anonymous_0)","decl":{"start":{"line":21,"column":43},"end":{"line":21,"column":44}},"loc":{"start":{"line":21,"column":57},"end":{"line":73,"column":1}},"line":21},"1":{"name":"(anonymous_1)","decl":{"start":{"line":28,"column":12},"end":{"line":28,"column":13}},"loc":{"start":{"line":28,"column":37},"end":{"line":56,"column":13}},"line":28},"2":{"name":"(anonymous_2)","decl":{"start":{"line":78,"column":49},"end":{"line":78,"column":50}},"loc":{"start":{"line":78,"column":63},"end":{"line":430,"column":1}},"line":78},"3":{"name":"(anonymous_3)","decl":{"start":{"line":90,"column":54},"end":{"line":90,"column":55}},"loc":{"start":{"line":90,"column":79},"end":{"line":410,"column":9}},"line":90},"4":{"name":"(anonymous_4)","decl":{"start":{"line":121,"column":36},"end":{"line":121,"column":37}},"loc":{"start":{"line":121,"column":62},"end":{"line":406,"column":21}},"line":121},"5":{"name":"(anonymous_5)","decl":{"start":{"line":143,"column":32},"end":{"line":143,"column":33}},"loc":{"start":{"line":143,"column":57},"end":{"line":402,"column":33}},"line":143},"6":{"name":"(anonymous_6)","decl":{"start":{"line":209,"column":48},"end":{"line":209,"column":49}},"loc":{"start":{"line":209,"column":73},"end":{"line":241,"column":49}},"line":209},"7":{"name":"actualizaChannel","decl":{"start":{"line":246,"column":49},"end":{"line":246,"column":65}},"loc":{"start":{"line":249,"column":42},"end":{"line":399,"column":41}},"line":249},"8":{"name":"(anonymous_8)","decl":{"start":{"line":264,"column":48},"end":{"line":264,"column":49}},"loc":{"start":{"line":267,"column":50},"end":{"line":396,"column":49}},"line":267},"9":{"name":"(anonymous_9)","decl":{"start":{"line":290,"column":60},"end":{"line":290,"column":61}},"loc":{"start":{"line":293,"column":65},"end":{"line":390,"column":61}},"line":293},"10":{"name":"(anonymous_10)","decl":{"start":{"line":325,"column":72},"end":{"line":325,"column":73}},"loc":{"start":{"line":328,"column":77},"end":{"line":368,"column":73}},"line":328}},"branchMap":{"0":{"loc":{"start":{"line":23,"column":4},"end":{"line":72,"column":5}},"type":"if","locations":[{"start":{"line":23,"column":4},"end":{"line":72,"column":5}},{"start":{"line":23,"column":4},"end":{"line":72,"column":5}}],"line":23},"1":{"loc":{"start":{"line":29,"column":16},"end":{"line":55,"column":17}},"type":"if","locations":[{"start":{"line":29,"column":16},"end":{"line":55,"column":17}},{"start":{"line":29,"column":16},"end":{"line":55,"column":17}}],"line":29},"2":{"loc":{"start":{"line":46,"column":20},"end":{"line":54,"column":21}},"type":"if","locations":[{"start":{"line":46,"column":20},"end":{"line":54,"column":21}},{"start":{"line":46,"column":20},"end":{"line":54,"column":21}}],"line":46},"3":{"loc":{"start":{"line":80,"column":4},"end":{"line":428,"column":5}},"type":"if","locations":[{"start":{"line":80,"column":4},"end":{"line":428,"column":5}},{"start":{"line":80,"column":4},"end":{"line":428,"column":5}}],"line":80},"4":{"loc":{"start":{"line":81,"column":8},"end":{"line":85,"column":32}},"type":"binary-expr","locations":[{"start":{"line":81,"column":8},"end":{"line":81,"column":28}},{"start":{"line":82,"column":8},"end":{"line":82,"column":28}},{"start":{"line":83,"column":8},"end":{"line":83,"column":28}},{"start":{"line":84,"column":8},"end":{"line":84,"column":32}},{"start":{"line":85,"column":8},"end":{"line":85,"column":32}}],"line":81},"5":{"loc":{"start":{"line":91,"column":12},"end":{"line":409,"column":13}},"type":"if","locations":[{"start":{"line":91,"column":12},"end":{"line":409,"column":13}},{"start":{"line":91,"column":12},"end":{"line":409,"column":13}}],"line":91},"6":{"loc":{"start":{"line":108,"column":16},"end":{"line":408,"column":17}},"type":"if","locations":[{"start":{"line":108,"column":16},"end":{"line":408,"column":17}},{"start":{"line":108,"column":16},"end":{"line":408,"column":17}}],"line":108},"7":{"loc":{"start":{"line":122,"column":24},"end":{"line":405,"column":25}},"type":"if","locations":[{"start":{"line":122,"column":24},"end":{"line":405,"column":25}},{"start":{"line":122,"column":24},"end":{"line":405,"column":25}}],"line":122},"8":{"loc":{"start":{"line":145,"column":36},"end":{"line":401,"column":37}},"type":"if","locations":[{"start":{"line":145,"column":36},"end":{"line":401,"column":37}},{"start":{"line":145,"column":36},"end":{"line":401,"column":37}}],"line":145},"9":{"loc":{"start":{"line":162,"column":40},"end":{"line":244,"column":41}},"type":"if","locations":[{"start":{"line":162,"column":40},"end":{"line":244,"column":41}},{"start":{"line":162,"column":40},"end":{"line":244,"column":41}}],"line":162},"10":{"loc":{"start":{"line":181,"column":66},"end":{"line":185,"column":77}},"type":"cond-expr","locations":[{"start":{"line":182,"column":50},"end":{"line":183,"column":77}},{"start":{"line":184,"column":50},"end":{"line":185,"column":77}}],"line":181},"11":{"loc":{"start":{"line":211,"column":52},"end":{"line":240,"column":53}},"type":"if","locations":[{"start":{"line":211,"column":52},"end":{"line":240,"column":53}},{"start":{"line":211,"column":52},"end":{"line":240,"column":53}}],"line":211},"12":{"loc":{"start":{"line":268,"column":52},"end":{"line":395,"column":53}},"type":"if","locations":[{"start":{"line":268,"column":52},"end":{"line":395,"column":53}},{"start":{"line":268,"column":52},"end":{"line":395,"column":53}}],"line":268},"13":{"loc":{"start":{"line":294,"column":64},"end":{"line":389,"column":65}},"type":"if","locations":[{"start":{"line":294,"column":64},"end":{"line":389,"column":65}},{"start":{"line":294,"column":64},"end":{"line":389,"column":65}}],"line":294},"14":{"loc":{"start":{"line":308,"column":71},"end":{"line":389,"column":65}},"type":"if","locations":[{"start":{"line":308,"column":71},"end":{"line":389,"column":65}},{"start":{"line":308,"column":71},"end":{"line":389,"column":65}}],"line":308},"15":{"loc":{"start":{"line":329,"column":76},"end":{"line":367,"column":77}},"type":"if","locations":[{"start":{"line":329,"column":76},"end":{"line":367,"column":77}},{"start":{"line":329,"column":76},"end":{"line":367,"column":77}}],"line":329},"16":{"loc":{"start":{"line":345,"column":83},"end":{"line":367,"column":77}},"type":"if","locations":[{"start":{"line":345,"column":83},"end":{"line":367,"column":77}},{"start":{"line":345,"column":83},"end":{"line":367,"column":77}}],"line":345}},"s":{"0":1,"1":1,"2":1,"3":1,"4":1,"5":1,"6":1,"7":0,"8":0,"9":0,"10":0,"11":0,"12":0,"13":0,"14":0,"15":0,"16":0,"17":1,"18":0,"19":0,"20":0,"21":0,"22":0,"23":0,"24":0,"25":0,"26":0,"27":0,"28":0,"29":0,"30":0,"31":0,"32":0,"33":0,"34":0,"35":0,"36":0,"37":0,"38":0,"39":0,"40":0,"41":0,"42":0,"43":0,"44":0,"45":0,"46":0,"47":0,"48":0,"49":0,"50":0,"51":0,"52":0,"53":0,"54":0,"55":0,"56":0,"57":0,"58":0,"59":0,"60":0,"61":0,"62":0,"63":0,"64":0,"65":0,"66":0,"67":0,"68":0,"69":0,"70":1},"f":{"0":0,"1":0,"2":0,"3":0,"4":0,"5":0,"6":0,"7":0,"8":0,"9":0,"10":0},"b":{"0":[0,0],"1":[0,0],"2":[0,0],"3":[0,0],"4":[0,0,0,0,0],"5":[0,0],"6":[0,0],"7":[0,0],"8":[0,0],"9":[0,0],"10":[0,0],"11":[0,0],"12":[0,0],"13":[0,0],"14":[0,0],"15":[0,0],"16":[0,0]},"_coverageSchema":"1a1c01bbd47fc00a2c39e90264f33305004495a9","hash":"a32c9ed2e4a5e4262bf6702aafb1da1d1c9480b1","contentHash":"360aed48216ad1eb9383cbd80473b4b2136739466f074fd49175129c511e9701"},"D:\\_XZONE_\\___MEAN___\\captionsconnection\\src\\app_server\\Client\\client.config.js":{"path":"D:\\_XZONE_\\___MEAN___\\captionsconnection\\src\\app_server\\Client\\client.config.js","statementMap":{"0":{"start":{"line":2,"column":30},"end":{"line":2,"column":78}},"1":{"start":{"line":4,"column":30},"end":{"line":4,"column":109}},"2":{"start":{"line":5,"column":30},"end":{"line":5,"column":154}},"3":{"start":{"line":7,"column":0},"end":{"line":13,"column":1}}},"fnMap":{},"branchMap":{},"s":{"0":1,"1":1,"2":1,"3":1},"f":{},"b":{},"_coverageSchema":"1a1c01bbd47fc00a2c39e90264f33305004495a9","hash":"d6843e8590d9f5893135fdd55a6060a17f242966","contentHash":"a37b4f2e74ac7b32595e488bcfc790f884ac2b83784d900e619d02d0d6b8f4d6"},"D:\\_XZONE_\\___MEAN___\\captionsconnection\\src\\app_server\\_configs\\constsBusiness.js":{"path":"D:\\_XZONE_\\___MEAN___\\captionsconnection\\src\\app_server\\_configs\\constsBusiness.js","statementMap":{"0":{"start":{"line":2,"column":19},"end":{"line":2,"column":88}},"1":{"start":{"line":4,"column":0},"end":{"line":6,"column":2}}},"fnMap":{},"branchMap":{},"s":{"0":1,"1":1},"f":{},"b":{},"_coverageSchema":"1a1c01bbd47fc00a2c39e90264f33305004495a9","hash":"92438ab3280dd506c78a5755aa0336c135d118c5","contentHash":"6e0c70a1dea3b296cf575b6c4f0d60f819a5e06b0d2fa731830e821ee33ebba5"},"D:\\_XZONE_\\___MEAN___\\captionsconnection\\src\\app_server\\Channel\\channel.model.js":{"path":"D:\\_XZONE_\\___MEAN___\\captionsconnection\\src\\app_server\\Channel\\channel.model.js","statementMap":{"0":{"start":{"line":2,"column":17},"end":{"line":2,"column":36}},"1":{"start":{"line":3,"column":15},"end":{"line":3,"column":30}},"2":{"start":{"line":6,"column":22},"end":{"line":6,"column":49}},"3":{"start":{"line":7,"column":21},"end":{"line":7,"column":55}},"4":{"start":{"line":13,"column":22},"end":{"line":74,"column":1}},"5":{"start":{"line":76,"column":0},"end":{"line":87,"column":3}},"6":{"start":{"line":78,"column":4},"end":{"line":86,"column":5}},"7":{"start":{"line":79,"column":8},"end":{"line":79,"column":52}},"8":{"start":{"line":80,"column":8},"end":{"line":85,"column":10}},"9":{"start":{"line":88,"column":0},"end":{"line":91,"column":3}},"10":{"start":{"line":89,"column":4},"end":{"line":90,"column":81}},"11":{"start":{"line":92,"column":0},"end":{"line":92,"column":74}},"12":{"start":{"line":95,"column":0},"end":{"line":95,"column":58}}},"fnMap":{"0":{"name":"(anonymous_0)","decl":{"start":{"line":76,"column":27},"end":{"line":76,"column":28}},"loc":{"start":{"line":76,"column":36},"end":{"line":87,"column":1}},"line":76},"1":{"name":"(anonymous_1)","decl":{"start":{"line":88,"column":40},"end":{"line":88,"column":41}},"loc":{"start":{"line":88,"column":52},"end":{"line":91,"column":1}},"line":88}},"branchMap":{"0":{"loc":{"start":{"line":78,"column":4},"end":{"line":86,"column":5}},"type":"if","locations":[{"start":{"line":78,"column":4},"end":{"line":86,"column":5}},{"start":{"line":78,"column":4},"end":{"line":86,"column":5}}],"line":78}},"s":{"0":1,"1":1,"2":1,"3":1,"4":1,"5":1,"6":0,"7":0,"8":0,"9":1,"10":0,"11":1,"12":1},"f":{"0":0,"1":0},"b":{"0":[0,0]},"_coverageSchema":"1a1c01bbd47fc00a2c39e90264f33305004495a9","hash":"6b5fbb17bb2d4ce19b1ec78c0bec8e056e36738d","contentHash":"6e119f94be6eac85f1ff0476f44f79814763192cc2aa1f1cef15518d9381a8d6"},"D:\\_XZONE_\\___MEAN___\\captionsconnection\\src\\app_server\\Channel\\channel.config.js":{"path":"D:\\_XZONE_\\___MEAN___\\captionsconnection\\src\\app_server\\Channel\\channel.config.js","statementMap":{"0":{"start":{"line":2,"column":19},"end":{"line":2,"column":67}},"1":{"start":{"line":4,"column":20},"end":{"line":4,"column":63}},"2":{"start":{"line":5,"column":24},"end":{"line":12,"column":1}},"3":{"start":{"line":13,"column":28},"end":{"line":13,"column":61}},"4":{"start":{"line":14,"column":29},"end":{"line":30,"column":1}},"5":{"start":{"line":32,"column":0},"end":{"line":40,"column":2}}},"fnMap":{},"branchMap":{},"s":{"0":1,"1":1,"2":1,"3":1,"4":1,"5":1},"f":{},"b":{},"_coverageSchema":"1a1c01bbd47fc00a2c39e90264f33305004495a9","hash":"7d0a30234ff6b5331f0a19b412e2d150bec9e5bb","contentHash":"352605a1cb5aaba7b36670e00b27d9a8e788e7472b6b1c3588191933a6438e30"},"D:\\_XZONE_\\___MEAN___\\captionsconnection\\src\\app_server\\Client\\client.model.js":{"path":"D:\\_XZONE_\\___MEAN___\\captionsconnection\\src\\app_server\\Client\\client.model.js","statementMap":{"0":{"start":{"line":2,"column":30},"end":{"line":2,"column":49}},"1":{"start":{"line":3,"column":30},"end":{"line":3,"column":45}},"2":{"start":{"line":6,"column":30},"end":{"line":6,"column":56}},"3":{"start":{"line":12,"column":21},"end":{"line":38,"column":2}},"4":{"start":{"line":41,"column":0},"end":{"line":41,"column":56}}},"fnMap":{},"branchMap":{},"s":{"0":1,"1":1,"2":1,"3":1,"4":1},"f":{},"b":{},"_coverageSchema":"1a1c01bbd47fc00a2c39e90264f33305004495a9","hash":"efea6d726a47f70d86ccb930b853522bca7548a6","contentHash":"38f0217f3f915f2e24778a62f945f2f98adb686dc11550ce73f92c9ece3977d1"},"D:\\_XZONE_\\___MEAN___\\captionsconnection\\src\\app_server\\User\\user.model.js":{"path":"D:\\_XZONE_\\___MEAN___\\captionsconnection\\src\\app_server\\User\\user.model.js","statementMap":{"0":{"start":{"line":2,"column":17},"end":{"line":2,"column":36}},"1":{"start":{"line":3,"column":15},"end":{"line":3,"column":30}},"2":{"start":{"line":4,"column":15},"end":{"line":4,"column":32}},"3":{"start":{"line":7,"column":19},"end":{"line":7,"column":43}},"4":{"start":{"line":8,"column":19},"end":{"line":8,"column":40}},"5":{"start":{"line":9,"column":18},"end":{"line":9,"column":38}},"6":{"start":{"line":10,"column":10},"end":{"line":10,"column":16}},"7":{"start":{"line":16,"column":19},"end":{"line":68,"column":1}},"8":{"start":{"line":73,"column":0},"end":{"line":76,"column":2}},"9":{"start":{"line":75,"column":4},"end":{"line":75,"column":65}},"10":{"start":{"line":78,"column":0},"end":{"line":80,"column":2}},"11":{"start":{"line":79,"column":4},"end":{"line":79,"column":57}},"12":{"start":{"line":84,"column":0},"end":{"line":86,"column":2}},"13":{"start":{"line":85,"column":4},"end":{"line":85,"column":33}},"14":{"start":{"line":88,"column":0},"end":{"line":88,"column":52}}},"fnMap":{"0":{"name":"(anonymous_0)","decl":{"start":{"line":73,"column":37},"end":{"line":73,"column":38}},"loc":{"start":{"line":73,"column":57},"end":{"line":76,"column":1}},"line":73},"1":{"name":"(anonymous_1)","decl":{"start":{"line":78,"column":35},"end":{"line":78,"column":36}},"loc":{"start":{"line":78,"column":61},"end":{"line":80,"column":1}},"line":78},"2":{"name":"(anonymous_2)","decl":{"start":{"line":84,"column":35},"end":{"line":84,"column":36}},"loc":{"start":{"line":84,"column":66},"end":{"line":86,"column":1}},"line":84}},"branchMap":{},"s":{"0":1,"1":1,"2":1,"3":1,"4":1,"5":1,"6":1,"7":1,"8":1,"9":0,"10":1,"11":0,"12":1,"13":0,"14":1},"f":{"0":0,"1":0,"2":0},"b":{},"_coverageSchema":"1a1c01bbd47fc00a2c39e90264f33305004495a9","hash":"05f70920e0f821eac8629b1e327dd256b081ff0b","contentHash":"1f524fb944699d7e1347279428432ed26ab4e809109e16d5e991685aad5bdd54"},"D:\\_XZONE_\\___MEAN___\\captionsconnection\\src\\app_server\\User\\user.config.js":{"path":"D:\\_XZONE_\\___MEAN___\\captionsconnection\\src\\app_server\\User\\user.config.js","statementMap":{"0":{"start":{"line":3,"column":30},"end":{"line":3,"column":78}},"1":{"start":{"line":4,"column":30},"end":{"line":4,"column":73}},"2":{"start":{"line":5,"column":30},"end":{"line":5,"column":62}},"3":{"start":{"line":9,"column":0},"end":{"line":15,"column":2}}},"fnMap":{},"branchMap":{},"s":{"0":1,"1":1,"2":1,"3":1},"f":{},"b":{},"_coverageSchema":"1a1c01bbd47fc00a2c39e90264f33305004495a9","hash":"86d44f0dd823931d549b7de367996fc676dc19a2","contentHash":"fc922ba05617158af129654737009d2f260de9d8dddb57fe7aef8960887e6519"},"D:\\_XZONE_\\___MEAN___\\captionsconnection\\src\\app_server\\_helpers\\hlpResponseManager.js":{"path":"D:\\_XZONE_\\___MEAN___\\captionsconnection\\src\\app_server\\_helpers\\hlpResponseManager.js","statementMap":{"0":{"start":{"line":3,"column":18},"end":{"line":22,"column":1}},"1":{"start":{"line":6,"column":15},"end":{"line":6,"column":17}},"2":{"start":{"line":7,"column":4},"end":{"line":7,"column":34}},"3":{"start":{"line":8,"column":4},"end":{"line":8,"column":41}},"4":{"start":{"line":9,"column":4},"end":{"line":9,"column":33}},"5":{"start":{"line":11,"column":4},"end":{"line":11,"column":95}},"6":{"start":{"line":15,"column":4},"end":{"line":21,"column":7}},"7":{"start":{"line":27,"column":26},"end":{"line":43,"column":1}},"8":{"start":{"line":29,"column":12},"end":{"line":29,"column":17}},"9":{"start":{"line":29,"column":27},"end":{"line":29,"column":30}},"10":{"start":{"line":29,"column":40},"end":{"line":29,"column":57}},"11":{"start":{"line":30,"column":15},"end":{"line":30,"column":17}},"12":{"start":{"line":31,"column":4},"end":{"line":31,"column":27}},"13":{"start":{"line":33,"column":4},"end":{"line":33,"column":95}},"14":{"start":{"line":36,"column":4},"end":{"line":41,"column":7}},"15":{"start":{"line":48,"column":19},"end":{"line":65,"column":1}},"16":{"start":{"line":50,"column":15},"end":{"line":50,"column":17}},"17":{"start":{"line":51,"column":4},"end":{"line":51,"column":25}},"18":{"start":{"line":52,"column":4},"end":{"line":52,"column":37}},"19":{"start":{"line":54,"column":4},"end":{"line":54,"column":95}},"20":{"start":{"line":57,"column":4},"end":{"line":64,"column":7}},"21":{"start":{"line":70,"column":24},"end":{"line":84,"column":1}},"22":{"start":{"line":71,"column":15},"end":{"line":71,"column":17}},"23":{"start":{"line":72,"column":4},"end":{"line":72,"column":25}},"24":{"start":{"line":73,"column":4},"end":{"line":73,"column":24}},"25":{"start":{"line":75,"column":4},"end":{"line":75,"column":95}},"26":{"start":{"line":78,"column":4},"end":{"line":83,"column":7}},"27":{"start":{"line":88,"column":0},"end":{"line":93,"column":1}}},"fnMap":{"0":{"name":"(anonymous_0)","decl":{"start":{"line":3,"column":18},"end":{"line":3,"column":19}},"loc":{"start":{"line":3,"column":78},"end":{"line":22,"column":1}},"line":3},"1":{"name":"(anonymous_1)","decl":{"start":{"line":27,"column":26},"end":{"line":27,"column":27}},"loc":{"start":{"line":27,"column":42},"end":{"line":43,"column":1}},"line":27},"2":{"name":"(anonymous_2)","decl":{"start":{"line":48,"column":19},"end":{"line":48,"column":20}},"loc":{"start":{"line":48,"column":82},"end":{"line":65,"column":1}},"line":48},"3":{"name":"(anonymous_3)","decl":{"start":{"line":70,"column":24},"end":{"line":70,"column":25}},"loc":{"start":{"line":70,"column":65},"end":{"line":84,"column":1}},"line":70}},"branchMap":{"0":{"loc":{"start":{"line":11,"column":18},"end":{"line":11,"column":94}},"type":"cond-expr","locations":[{"start":{"line":11,"column":44},"end":{"line":11,"column":48}},{"start":{"line":11,"column":58},"end":{"line":11,"column":94}}],"line":11},"1":{"loc":{"start":{"line":33,"column":18},"end":{"line":33,"column":94}},"type":"cond-expr","locations":[{"start":{"line":33,"column":44},"end":{"line":33,"column":48}},{"start":{"line":33,"column":58},"end":{"line":33,"column":94}}],"line":33},"2":{"loc":{"start":{"line":54,"column":18},"end":{"line":54,"column":94}},"type":"cond-expr","locations":[{"start":{"line":54,"column":44},"end":{"line":54,"column":48}},{"start":{"line":54,"column":58},"end":{"line":54,"column":94}}],"line":54},"3":{"loc":{"start":{"line":75,"column":18},"end":{"line":75,"column":94}},"type":"cond-expr","locations":[{"start":{"line":75,"column":44},"end":{"line":75,"column":48}},{"start":{"line":75,"column":58},"end":{"line":75,"column":94}}],"line":75}},"s":{"0":1,"1":0,"2":0,"3":0,"4":0,"5":0,"6":0,"7":1,"8":0,"9":0,"10":0,"11":0,"12":0,"13":0,"14":0,"15":1,"16":0,"17":0,"18":0,"19":0,"20":0,"21":1,"22":0,"23":0,"24":0,"25":0,"26":0,"27":1},"f":{"0":0,"1":0,"2":0,"3":0},"b":{"0":[0,0],"1":[0,0],"2":[0,0],"3":[0,0]},"_coverageSchema":"1a1c01bbd47fc00a2c39e90264f33305004495a9","hash":"0cdfce5b6b2ee0f9d56a81cd962e0eea860d4e28","contentHash":"656754441aabef6d16ee4cd21e501c9b5c2684fe763a117912c88fecf71a128f"},"D:\\_XZONE_\\___MEAN___\\captionsconnection\\src\\app_server\\Channel\\channel.mdValidate.js":{"path":"D:\\_XZONE_\\___MEAN___\\captionsconnection\\src\\app_server\\Channel\\channel.mdValidate.js","statementMap":{"0":{"start":{"line":4,"column":22},"end":{"line":4,"column":49}},"1":{"start":{"line":5,"column":20},"end":{"line":5,"column":45}},"2":{"start":{"line":6,"column":19},"end":{"line":6,"column":43}},"3":{"start":{"line":9,"column":28},"end":{"line":10,"column":22}},"4":{"start":{"line":14,"column":0},"end":{"line":32,"column":2}},"5":{"start":{"line":16,"column":4},"end":{"line":31,"column":5}},"6":{"start":{"line":17,"column":8},"end":{"line":17,"column":56}},"7":{"start":{"line":18,"column":11},"end":{"line":31,"column":5}},"8":{"start":{"line":19,"column":8},"end":{"line":19,"column":63}},"9":{"start":{"line":20,"column":11},"end":{"line":31,"column":5}},"10":{"start":{"line":21,"column":8},"end":{"line":21,"column":80}},"11":{"start":{"line":22,"column":11},"end":{"line":31,"column":5}},"12":{"start":{"line":23,"column":8},"end":{"line":26,"column":10}},"13":{"start":{"line":28,"column":8},"end":{"line":28,"column":73}},"14":{"start":{"line":30,"column":8},"end":{"line":30,"column":15}},"15":{"start":{"line":34,"column":0},"end":{"line":105,"column":2}},"16":{"start":{"line":35,"column":28},"end":{"line":35,"column":57}},"17":{"start":{"line":36,"column":32},"end":{"line":36,"column":65}},"18":{"start":{"line":37,"column":33},"end":{"line":37,"column":67}},"19":{"start":{"line":39,"column":4},"end":{"line":104,"column":5}},"20":{"start":{"line":41,"column":8},"end":{"line":41,"column":56}},"21":{"start":{"line":42,"column":11},"end":{"line":104,"column":5}},"22":{"start":{"line":50,"column":8},"end":{"line":50,"column":30}},"23":{"start":{"line":52,"column":8},"end":{"line":55,"column":10}},"24":{"start":{"line":56,"column":11},"end":{"line":104,"column":5}},"25":{"start":{"line":58,"column":8},"end":{"line":58,"column":80}},"26":{"start":{"line":59,"column":11},"end":{"line":104,"column":5}},"27":{"start":{"line":61,"column":8},"end":{"line":64,"column":10}},"28":{"start":{"line":65,"column":11},"end":{"line":104,"column":5}},"29":{"start":{"line":67,"column":8},"end":{"line":70,"column":10}},"30":{"start":{"line":71,"column":11},"end":{"line":104,"column":5}},"31":{"start":{"line":73,"column":8},"end":{"line":76,"column":10}},"32":{"start":{"line":77,"column":11},"end":{"line":104,"column":5}},"33":{"start":{"line":79,"column":8},"end":{"line":82,"column":10}},"34":{"start":{"line":83,"column":11},"end":{"line":104,"column":5}},"35":{"start":{"line":86,"column":8},"end":{"line":89,"column":10}},"36":{"start":{"line":90,"column":11},"end":{"line":104,"column":5}},"37":{"start":{"line":95,"column":8},"end":{"line":98,"column":10}},"38":{"start":{"line":100,"column":8},"end":{"line":100,"column":73}},"39":{"start":{"line":101,"column":8},"end":{"line":101,"column":73}},"40":{"start":{"line":103,"column":8},"end":{"line":103,"column":15}},"41":{"start":{"line":107,"column":0},"end":{"line":110,"column":2}}},"fnMap":{"0":{"name":"(anonymous_0)","decl":{"start":{"line":14,"column":30},"end":{"line":14,"column":31}},"loc":{"start":{"line":14,"column":50},"end":{"line":32,"column":1}},"line":14},"1":{"name":"(anonymous_1)","decl":{"start":{"line":34,"column":26},"end":{"line":34,"column":27}},"loc":{"start":{"line":34,"column":46},"end":{"line":105,"column":1}},"line":34}},"branchMap":{"0":{"loc":{"start":{"line":16,"column":4},"end":{"line":31,"column":5}},"type":"if","locations":[{"start":{"line":16,"column":4},"end":{"line":31,"column":5}},{"start":{"line":16,"column":4},"end":{"line":31,"column":5}}],"line":16},"1":{"loc":{"start":{"line":18,"column":11},"end":{"line":31,"column":5}},"type":"if","locations":[{"start":{"line":18,"column":11},"end":{"line":31,"column":5}},{"start":{"line":18,"column":11},"end":{"line":31,"column":5}}],"line":18},"2":{"loc":{"start":{"line":20,"column":11},"end":{"line":31,"column":5}},"type":"if","locations":[{"start":{"line":20,"column":11},"end":{"line":31,"column":5}},{"start":{"line":20,"column":11},"end":{"line":31,"column":5}}],"line":20},"3":{"loc":{"start":{"line":22,"column":11},"end":{"line":31,"column":5}},"type":"if","locations":[{"start":{"line":22,"column":11},"end":{"line":31,"column":5}},{"start":{"line":22,"column":11},"end":{"line":31,"column":5}}],"line":22},"4":{"loc":{"start":{"line":39,"column":4},"end":{"line":104,"column":5}},"type":"if","locations":[{"start":{"line":39,"column":4},"end":{"line":104,"column":5}},{"start":{"line":39,"column":4},"end":{"line":104,"column":5}}],"line":39},"5":{"loc":{"start":{"line":42,"column":11},"end":{"line":104,"column":5}},"type":"if","locations":[{"start":{"line":42,"column":11},"end":{"line":104,"column":5}},{"start":{"line":42,"column":11},"end":{"line":104,"column":5}}],"line":42},"6":{"loc":{"start":{"line":43,"column":8},"end":{"line":48,"column":45}},"type":"binary-expr","locations":[{"start":{"line":43,"column":8},"end":{"line":43,"column":29}},{"start":{"line":44,"column":8},"end":{"line":44,"column":29}},{"start":{"line":45,"column":8},"end":{"line":45,"column":29}},{"start":{"line":46,"column":8},"end":{"line":46,"column":33}},{"start":{"line":47,"column":8},"end":{"line":47,"column":33}},{"start":{"line":48,"column":8},"end":{"line":48,"column":45}}],"line":43},"7":{"loc":{"start":{"line":56,"column":11},"end":{"line":104,"column":5}},"type":"if","locations":[{"start":{"line":56,"column":11},"end":{"line":104,"column":5}},{"start":{"line":56,"column":11},"end":{"line":104,"column":5}}],"line":56},"8":{"loc":{"start":{"line":59,"column":11},"end":{"line":104,"column":5}},"type":"if","locations":[{"start":{"line":59,"column":11},"end":{"line":104,"column":5}},{"start":{"line":59,"column":11},"end":{"line":104,"column":5}}],"line":59},"9":{"loc":{"start":{"line":65,"column":11},"end":{"line":104,"column":5}},"type":"if","locations":[{"start":{"line":65,"column":11},"end":{"line":104,"column":5}},{"start":{"line":65,"column":11},"end":{"line":104,"column":5}}],"line":65},"10":{"loc":{"start":{"line":71,"column":11},"end":{"line":104,"column":5}},"type":"if","locations":[{"start":{"line":71,"column":11},"end":{"line":104,"column":5}},{"start":{"line":71,"column":11},"end":{"line":104,"column":5}}],"line":71},"11":{"loc":{"start":{"line":77,"column":11},"end":{"line":104,"column":5}},"type":"if","locations":[{"start":{"line":77,"column":11},"end":{"line":104,"column":5}},{"start":{"line":77,"column":11},"end":{"line":104,"column":5}}],"line":77},"12":{"loc":{"start":{"line":83,"column":11},"end":{"line":104,"column":5}},"type":"if","locations":[{"start":{"line":83,"column":11},"end":{"line":104,"column":5}},{"start":{"line":83,"column":11},"end":{"line":104,"column":5}}],"line":83},"13":{"loc":{"start":{"line":90,"column":11},"end":{"line":104,"column":5}},"type":"if","locations":[{"start":{"line":90,"column":11},"end":{"line":104,"column":5}},{"start":{"line":90,"column":11},"end":{"line":104,"column":5}}],"line":90},"14":{"loc":{"start":{"line":91,"column":8},"end":{"line":92,"column":46}},"type":"binary-expr","locations":[{"start":{"line":91,"column":8},"end":{"line":91,"column":45}},{"start":{"line":92,"column":8},"end":{"line":92,"column":46}}],"line":91}},"s":{"0":1,"1":1,"2":1,"3":1,"4":1,"5":0,"6":0,"7":0,"8":0,"9":0,"10":0,"11":0,"12":0,"13":0,"14":0,"15":1,"16":0,"17":0,"18":0,"19":0,"20":0,"21":0,"22":0,"23":0,"24":0,"25":0,"26":0,"27":0,"28":0,"29":0,"30":0,"31":0,"32":0,"33":0,"34":0,"35":0,"36":0,"37":0,"38":0,"39":0,"40":0,"41":1},"f":{"0":0,"1":0},"b":{"0":[0,0],"1":[0,0],"2":[0,0],"3":[0,0],"4":[0,0],"5":[0,0],"6":[0,0,0,0,0,0],"7":[0,0],"8":[0,0],"9":[0,0],"10":[0,0],"11":[0,0],"12":[0,0],"13":[0,0],"14":[0,0]},"_coverageSchema":"1a1c01bbd47fc00a2c39e90264f33305004495a9","hash":"6805f2967427348950b43cc4392c5454f78d0b7a","contentHash":"d841b767026941069cb02ee0101dac49a0bff81b87e7014e9b1ecca443ee02da"},"D:\\_XZONE_\\___MEAN___\\captionsconnection\\src\\app_server\\Freelancer\\freelancer.routes.js":{"path":"D:\\_XZONE_\\___MEAN___\\captionsconnection\\src\\app_server\\Freelancer\\freelancer.routes.js","statementMap":{"0":{"start":{"line":1,"column":26},"end":{"line":1,"column":44}},"1":{"start":{"line":2,"column":26},"end":{"line":2,"column":35}},"2":{"start":{"line":3,"column":34},"end":{"line":3,"column":68}},"3":{"start":{"line":4,"column":34},"end":{"line":4,"column":68}},"4":{"start":{"line":8,"column":0},"end":{"line":11,"column":3}},"5":{"start":{"line":9,"column":4},"end":{"line":9,"column":59}},"6":{"start":{"line":10,"column":4},"end":{"line":10,"column":25}},"7":{"start":{"line":15,"column":0},"end":{"line":15,"column":132}},"8":{"start":{"line":17,"column":0},"end":{"line":17,"column":139}},"9":{"start":{"line":25,"column":0},"end":{"line":25,"column":28}}},"fnMap":{"0":{"name":"(anonymous_0)","decl":{"start":{"line":8,"column":20},"end":{"line":8,"column":21}},"loc":{"start":{"line":8,"column":33},"end":{"line":11,"column":1}},"line":8}},"branchMap":{},"s":{"0":1,"1":1,"2":1,"3":1,"4":1,"5":0,"6":0,"7":1,"8":1,"9":1},"f":{"0":0},"b":{},"_coverageSchema":"1a1c01bbd47fc00a2c39e90264f33305004495a9","hash":"c129cb3473b628b43c61527a826fa835d9468153","contentHash":"50f818231d23e126b645c8808ea1b548286bd6166b8e44678c27ae6c06b0d154"},"D:\\_XZONE_\\___MEAN___\\captionsconnection\\src\\app_server\\Freelancer\\freelancer.controller.js":{"path":"D:\\_XZONE_\\___MEAN___\\captionsconnection\\src\\app_server\\Freelancer\\freelancer.controller.js","statementMap":{"0":{"start":{"line":5,"column":19},"end":{"line":5,"column":48}},"1":{"start":{"line":6,"column":13},"end":{"line":6,"column":42}},"2":{"start":{"line":8,"column":19},"end":{"line":8,"column":60}},"3":{"start":{"line":10,"column":29},"end":{"line":10,"column":31}},"4":{"start":{"line":14,"column":0},"end":{"line":64,"column":2}},"5":{"start":{"line":17,"column":4},"end":{"line":63,"column":5}},"6":{"start":{"line":20,"column":8},"end":{"line":48,"column":11}},"7":{"start":{"line":21,"column":12},"end":{"line":47,"column":13}},"8":{"start":{"line":22,"column":16},"end":{"line":26,"column":18}},"9":{"start":{"line":28,"column":16},"end":{"line":35,"column":18}},"10":{"start":{"line":38,"column":16},"end":{"line":46,"column":17}},"11":{"start":{"line":39,"column":20},"end":{"line":41,"column":23}},"12":{"start":{"line":43,"column":20},"end":{"line":45,"column":23}},"13":{"start":{"line":50,"column":8},"end":{"line":54,"column":10}},"14":{"start":{"line":55,"column":8},"end":{"line":62,"column":10}},"15":{"start":{"line":74,"column":0},"end":{"line":252,"column":2}},"16":{"start":{"line":78,"column":4},"end":{"line":250,"column":5}},"17":{"start":{"line":86,"column":22},"end":{"line":86,"column":36}},"18":{"start":{"line":88,"column":8},"end":{"line":232,"column":11}},"19":{"start":{"line":89,"column":12},"end":{"line":231,"column":13}},"20":{"start":{"line":90,"column":16},"end":{"line":94,"column":18}},"21":{"start":{"line":96,"column":16},"end":{"line":103,"column":18}},"22":{"start":{"line":106,"column":16},"end":{"line":230,"column":17}},"23":{"start":{"line":107,"column":20},"end":{"line":114,"column":22}},"24":{"start":{"line":116,"column":40},"end":{"line":116,"column":64}},"25":{"start":{"line":117,"column":20},"end":{"line":121,"column":22}},"26":{"start":{"line":123,"column":20},"end":{"line":228,"column":23}},"27":{"start":{"line":124,"column":24},"end":{"line":227,"column":25}},"28":{"start":{"line":125,"column":28},"end":{"line":129,"column":30}},"29":{"start":{"line":131,"column":28},"end":{"line":138,"column":30}},"30":{"start":{"line":141,"column":28},"end":{"line":226,"column":30}},"31":{"start":{"line":144,"column":36},"end":{"line":224,"column":37}},"32":{"start":{"line":145,"column":40},"end":{"line":149,"column":42}},"33":{"start":{"line":150,"column":40},"end":{"line":157,"column":42}},"34":{"start":{"line":158,"column":43},"end":{"line":224,"column":37}},"35":{"start":{"line":160,"column":40},"end":{"line":205,"column":42}},"36":{"start":{"line":168,"column":48},"end":{"line":203,"column":49}},"37":{"start":{"line":169,"column":52},"end":{"line":173,"column":54}},"38":{"start":{"line":174,"column":52},"end":{"line":181,"column":54}},"39":{"start":{"line":182,"column":55},"end":{"line":203,"column":49}},"40":{"start":{"line":185,"column":52},"end":{"line":189,"column":54}},"41":{"start":{"line":190,"column":52},"end":{"line":200,"column":54}},"42":{"start":{"line":209,"column":40},"end":{"line":213,"column":42}},"43":{"start":{"line":214,"column":40},"end":{"line":221,"column":42}},"44":{"start":{"line":237,"column":8},"end":{"line":241,"column":10}},"45":{"start":{"line":242,"column":8},"end":{"line":249,"column":10}},"46":{"start":{"line":265,"column":0},"end":{"line":265,"column":38}}},"fnMap":{"0":{"name":"(anonymous_0)","decl":{"start":{"line":14,"column":40},"end":{"line":14,"column":41}},"loc":{"start":{"line":14,"column":54},"end":{"line":64,"column":1}},"line":14},"1":{"name":"(anonymous_1)","decl":{"start":{"line":20,"column":54},"end":{"line":20,"column":55}},"loc":{"start":{"line":20,"column":77},"end":{"line":48,"column":9}},"line":20},"2":{"name":"(anonymous_2)","decl":{"start":{"line":74,"column":32},"end":{"line":74,"column":33}},"loc":{"start":{"line":74,"column":46},"end":{"line":252,"column":1}},"line":74},"3":{"name":"(anonymous_3)","decl":{"start":{"line":88,"column":45},"end":{"line":88,"column":46}},"loc":{"start":{"line":88,"column":68},"end":{"line":232,"column":9}},"line":88},"4":{"name":"(anonymous_4)","decl":{"start":{"line":123,"column":39},"end":{"line":123,"column":40}},"loc":{"start":{"line":123,"column":68},"end":{"line":228,"column":21}},"line":123},"5":{"name":"(anonymous_5)","decl":{"start":{"line":143,"column":32},"end":{"line":143,"column":33}},"loc":{"start":{"line":143,"column":54},"end":{"line":225,"column":33}},"line":143},"6":{"name":"(anonymous_6)","decl":{"start":{"line":167,"column":44},"end":{"line":167,"column":45}},"loc":{"start":{"line":167,"column":73},"end":{"line":204,"column":45}},"line":167}},"branchMap":{"0":{"loc":{"start":{"line":17,"column":4},"end":{"line":63,"column":5}},"type":"if","locations":[{"start":{"line":17,"column":4},"end":{"line":63,"column":5}},{"start":{"line":17,"column":4},"end":{"line":63,"column":5}}],"line":17},"1":{"loc":{"start":{"line":21,"column":12},"end":{"line":47,"column":13}},"type":"if","locations":[{"start":{"line":21,"column":12},"end":{"line":47,"column":13}},{"start":{"line":21,"column":12},"end":{"line":47,"column":13}}],"line":21},"2":{"loc":{"start":{"line":38,"column":16},"end":{"line":46,"column":17}},"type":"if","locations":[{"start":{"line":38,"column":16},"end":{"line":46,"column":17}},{"start":{"line":38,"column":16},"end":{"line":46,"column":17}}],"line":38},"3":{"loc":{"start":{"line":78,"column":4},"end":{"line":250,"column":5}},"type":"if","locations":[{"start":{"line":78,"column":4},"end":{"line":250,"column":5}},{"start":{"line":78,"column":4},"end":{"line":250,"column":5}}],"line":78},"4":{"loc":{"start":{"line":79,"column":8},"end":{"line":83,"column":24}},"type":"binary-expr","locations":[{"start":{"line":79,"column":8},"end":{"line":79,"column":22}},{"start":{"line":80,"column":8},"end":{"line":80,"column":31}},{"start":{"line":81,"column":8},"end":{"line":81,"column":26}},{"start":{"line":82,"column":8},"end":{"line":82,"column":27}},{"start":{"line":83,"column":8},"end":{"line":83,"column":24}}],"line":79},"5":{"loc":{"start":{"line":89,"column":12},"end":{"line":231,"column":13}},"type":"if","locations":[{"start":{"line":89,"column":12},"end":{"line":231,"column":13}},{"start":{"line":89,"column":12},"end":{"line":231,"column":13}}],"line":89},"6":{"loc":{"start":{"line":106,"column":16},"end":{"line":230,"column":17}},"type":"if","locations":[{"start":{"line":106,"column":16},"end":{"line":230,"column":17}},{"start":{"line":106,"column":16},"end":{"line":230,"column":17}}],"line":106},"7":{"loc":{"start":{"line":124,"column":24},"end":{"line":227,"column":25}},"type":"if","locations":[{"start":{"line":124,"column":24},"end":{"line":227,"column":25}},{"start":{"line":124,"column":24},"end":{"line":227,"column":25}}],"line":124},"8":{"loc":{"start":{"line":144,"column":36},"end":{"line":224,"column":37}},"type":"if","locations":[{"start":{"line":144,"column":36},"end":{"line":224,"column":37}},{"start":{"line":144,"column":36},"end":{"line":224,"column":37}}],"line":144},"9":{"loc":{"start":{"line":158,"column":43},"end":{"line":224,"column":37}},"type":"if","locations":[{"start":{"line":158,"column":43},"end":{"line":224,"column":37}},{"start":{"line":158,"column":43},"end":{"line":224,"column":37}}],"line":158},"10":{"loc":{"start":{"line":168,"column":48},"end":{"line":203,"column":49}},"type":"if","locations":[{"start":{"line":168,"column":48},"end":{"line":203,"column":49}},{"start":{"line":168,"column":48},"end":{"line":203,"column":49}}],"line":168},"11":{"loc":{"start":{"line":182,"column":55},"end":{"line":203,"column":49}},"type":"if","locations":[{"start":{"line":182,"column":55},"end":{"line":203,"column":49}},{"start":{"line":182,"column":55},"end":{"line":203,"column":49}}],"line":182}},"s":{"0":1,"1":1,"2":1,"3":1,"4":1,"5":0,"6":0,"7":0,"8":0,"9":0,"10":0,"11":0,"12":0,"13":0,"14":0,"15":1,"16":0,"17":0,"18":0,"19":0,"20":0,"21":0,"22":0,"23":0,"24":0,"25":0,"26":0,"27":0,"28":0,"29":0,"30":0,"31":0,"32":0,"33":0,"34":0,"35":0,"36":0,"37":0,"38":0,"39":0,"40":0,"41":0,"42":0,"43":0,"44":0,"45":0,"46":1},"f":{"0":0,"1":0,"2":0,"3":0,"4":0,"5":0,"6":0},"b":{"0":[0,0],"1":[0,0],"2":[0,0],"3":[0,0],"4":[0,0,0,0,0],"5":[0,0],"6":[0,0],"7":[0,0],"8":[0,0],"9":[0,0],"10":[0,0],"11":[0,0]},"_coverageSchema":"1a1c01bbd47fc00a2c39e90264f33305004495a9","hash":"887a64c799109e6ceba7e9adafde65436e54cbfe","contentHash":"40658e971bc5da260f6ce627f376c64a07715ab8942cf66005f55c1dd67c44d2"},"D:\\_XZONE_\\___MEAN___\\captionsconnection\\src\\app_server\\Freelancer\\freelancer.model.js":{"path":"D:\\_XZONE_\\___MEAN___\\captionsconnection\\src\\app_server\\Freelancer\\freelancer.model.js","statementMap":{"0":{"start":{"line":2,"column":17},"end":{"line":2,"column":36}},"1":{"start":{"line":3,"column":15},"end":{"line":3,"column":32}},"2":{"start":{"line":4,"column":15},"end":{"line":4,"column":30}},"3":{"start":{"line":7,"column":25},"end":{"line":7,"column":55}},"4":{"start":{"line":13,"column":25},"end":{"line":62,"column":1}},"5":{"start":{"line":64,"column":0},"end":{"line":109,"column":3}},"6":{"start":{"line":69,"column":18},"end":{"line":69,"column":50}},"7":{"start":{"line":70,"column":18},"end":{"line":70,"column":51}},"8":{"start":{"line":71,"column":4},"end":{"line":72,"column":76}},"9":{"start":{"line":73,"column":4},"end":{"line":74,"column":69}},"10":{"start":{"line":75,"column":4},"end":{"line":79,"column":26}},"11":{"start":{"line":81,"column":4},"end":{"line":93,"column":6}},"12":{"start":{"line":102,"column":4},"end":{"line":105,"column":5}},"13":{"start":{"line":104,"column":8},"end":{"line":104,"column":26}},"14":{"start":{"line":106,"column":4},"end":{"line":106,"column":60}},"15":{"start":{"line":107,"column":4},"end":{"line":107,"column":39}},"16":{"start":{"line":108,"column":4},"end":{"line":108,"column":11}},"17":{"start":{"line":111,"column":0},"end":{"line":119,"column":3}},"18":{"start":{"line":113,"column":4},"end":{"line":115,"column":5}},"19":{"start":{"line":114,"column":8},"end":{"line":114,"column":62}},"20":{"start":{"line":116,"column":4},"end":{"line":118,"column":5}},"21":{"start":{"line":121,"column":0},"end":{"line":124,"column":2}},"22":{"start":{"line":123,"column":4},"end":{"line":123,"column":65}},"23":{"start":{"line":126,"column":0},"end":{"line":128,"column":2}},"24":{"start":{"line":127,"column":4},"end":{"line":127,"column":57}},"25":{"start":{"line":132,"column":0},"end":{"line":134,"column":2}},"26":{"start":{"line":133,"column":4},"end":{"line":133,"column":33}},"27":{"start":{"line":136,"column":0},"end":{"line":136,"column":64}}},"fnMap":{"0":{"name":"(anonymous_0)","decl":{"start":{"line":64,"column":29},"end":{"line":64,"column":30}},"loc":{"start":{"line":64,"column":45},"end":{"line":109,"column":1}},"line":64},"1":{"name":"(anonymous_1)","decl":{"start":{"line":111,"column":30},"end":{"line":111,"column":31}},"loc":{"start":{"line":111,"column":39},"end":{"line":119,"column":1}},"line":111},"2":{"name":"(anonymous_2)","decl":{"start":{"line":121,"column":43},"end":{"line":121,"column":44}},"loc":{"start":{"line":121,"column":63},"end":{"line":124,"column":1}},"line":121},"3":{"name":"(anonymous_3)","decl":{"start":{"line":126,"column":41},"end":{"line":126,"column":42}},"loc":{"start":{"line":126,"column":67},"end":{"line":128,"column":1}},"line":126},"4":{"name":"(anonymous_4)","decl":{"start":{"line":132,"column":41},"end":{"line":132,"column":42}},"loc":{"start":{"line":132,"column":72},"end":{"line":134,"column":1}},"line":132}},"branchMap":{"0":{"loc":{"start":{"line":102,"column":4},"end":{"line":105,"column":5}},"type":"if","locations":[{"start":{"line":102,"column":4},"end":{"line":105,"column":5}},{"start":{"line":102,"column":4},"end":{"line":105,"column":5}}],"line":102},"1":{"loc":{"start":{"line":113,"column":4},"end":{"line":115,"column":5}},"type":"if","locations":[{"start":{"line":113,"column":4},"end":{"line":115,"column":5}},{"start":{"line":113,"column":4},"end":{"line":115,"column":5}}],"line":113},"2":{"loc":{"start":{"line":116,"column":4},"end":{"line":118,"column":5}},"type":"if","locations":[{"start":{"line":116,"column":4},"end":{"line":118,"column":5}},{"start":{"line":116,"column":4},"end":{"line":118,"column":5}}],"line":116}},"s":{"0":1,"1":1,"2":1,"3":1,"4":1,"5":1,"6":0,"7":0,"8":0,"9":0,"10":0,"11":0,"12":0,"13":0,"14":0,"15":0,"16":0,"17":1,"18":0,"19":0,"20":0,"21":1,"22":0,"23":1,"24":0,"25":1,"26":0,"27":1},"f":{"0":0,"1":0,"2":0,"3":0,"4":0},"b":{"0":[0,0],"1":[0,0],"2":[0,0]},"_coverageSchema":"1a1c01bbd47fc00a2c39e90264f33305004495a9","hash":"27c691fcfd4b311ac5321bc0845a04c4a4cd871e","contentHash":"45d3f3a5621ecd61736f51ece3f881e7e87708dc922086888fa2eb7245e3ab4d"},"D:\\_XZONE_\\___MEAN___\\captionsconnection\\src\\app_server\\Freelancer\\freelancer.config.js":{"path":"D:\\_XZONE_\\___MEAN___\\captionsconnection\\src\\app_server\\Freelancer\\freelancer.config.js","statementMap":{"0":{"start":{"line":2,"column":30},"end":{"line":2,"column":78}},"1":{"start":{"line":4,"column":30},"end":{"line":4,"column":84}},"2":{"start":{"line":5,"column":30},"end":{"line":5,"column":90}},"3":{"start":{"line":6,"column":30},"end":{"line":6,"column":130}},"4":{"start":{"line":7,"column":30},"end":{"line":7,"column":49}},"5":{"start":{"line":8,"column":30},"end":{"line":8,"column":59}},"6":{"start":{"line":10,"column":0},"end":{"line":19,"column":1}}},"fnMap":{},"branchMap":{},"s":{"0":1,"1":1,"2":1,"3":1,"4":1,"5":1,"6":1},"f":{},"b":{},"_coverageSchema":"1a1c01bbd47fc00a2c39e90264f33305004495a9","hash":"59facbf781bb17b5a627a263fae142f79fe966fc","contentHash":"f621981b9f5d51abb2739ab7588a05fc00fef57734bfd8ffcd24c8087ecac8de"},"D:\\_XZONE_\\___MEAN___\\captionsconnection\\src\\app_server\\Freelancer\\freelancer.mdValidate.js":{"path":"D:\\_XZONE_\\___MEAN___\\captionsconnection\\src\\app_server\\Freelancer\\freelancer.mdValidate.js","statementMap":{"0":{"start":{"line":4,"column":25},"end":{"line":4,"column":63}},"1":{"start":{"line":5,"column":22},"end":{"line":5,"column":49}},"2":{"start":{"line":8,"column":28},"end":{"line":8,"column":87}},"3":{"start":{"line":13,"column":0},"end":{"line":25,"column":2}},"4":{"start":{"line":15,"column":4},"end":{"line":24,"column":5}},"5":{"start":{"line":16,"column":8},"end":{"line":16,"column":56}},"6":{"start":{"line":17,"column":11},"end":{"line":24,"column":5}},"7":{"start":{"line":18,"column":8},"end":{"line":18,"column":57}},"8":{"start":{"line":19,"column":10},"end":{"line":24,"column":5}},"9":{"start":{"line":20,"column":8},"end":{"line":20,"column":70}},"10":{"start":{"line":22,"column":8},"end":{"line":22,"column":61}},"11":{"start":{"line":23,"column":8},"end":{"line":23,"column":15}},"12":{"start":{"line":27,"column":0},"end":{"line":97,"column":2}},"13":{"start":{"line":29,"column":34},"end":{"line":29,"column":63}},"14":{"start":{"line":30,"column":34},"end":{"line":30,"column":63}},"15":{"start":{"line":31,"column":34},"end":{"line":31,"column":64}},"16":{"start":{"line":32,"column":34},"end":{"line":32,"column":63}},"17":{"start":{"line":34,"column":4},"end":{"line":95,"column":5}},"18":{"start":{"line":36,"column":8},"end":{"line":36,"column":56}},"19":{"start":{"line":38,"column":11},"end":{"line":95,"column":5}},"20":{"start":{"line":41,"column":8},"end":{"line":41,"column":85}},"21":{"start":{"line":43,"column":11},"end":{"line":95,"column":5}},"22":{"start":{"line":45,"column":8},"end":{"line":45,"column":109}},"23":{"start":{"line":47,"column":11},"end":{"line":95,"column":5}},"24":{"start":{"line":49,"column":8},"end":{"line":49,"column":96}},"25":{"start":{"line":51,"column":11},"end":{"line":95,"column":5}},"26":{"start":{"line":53,"column":8},"end":{"line":53,"column":88}},"27":{"start":{"line":58,"column":20},"end":{"line":58,"column":24}},"28":{"start":{"line":59,"column":8},"end":{"line":67,"column":9}},"29":{"start":{"line":59,"column":19},"end":{"line":59,"column":20}},"30":{"start":{"line":62,"column":12},"end":{"line":65,"column":13}},"31":{"start":{"line":63,"column":16},"end":{"line":63,"column":30}},"32":{"start":{"line":69,"column":8},"end":{"line":93,"column":9}},"33":{"start":{"line":70,"column":12},"end":{"line":70,"column":102}},"34":{"start":{"line":75,"column":24},"end":{"line":75,"column":28}},"35":{"start":{"line":76,"column":12},"end":{"line":81,"column":13}},"36":{"start":{"line":76,"column":23},"end":{"line":76,"column":24}},"37":{"start":{"line":77,"column":16},"end":{"line":80,"column":17}},"38":{"start":{"line":78,"column":20},"end":{"line":78,"column":34}},"39":{"start":{"line":83,"column":12},"end":{"line":91,"column":13}},"40":{"start":{"line":84,"column":16},"end":{"line":84,"column":107}},"41":{"start":{"line":88,"column":16},"end":{"line":88,"column":69}},"42":{"start":{"line":90,"column":16},"end":{"line":90,"column":23}},"43":{"start":{"line":101,"column":0},"end":{"line":104,"column":1}}},"fnMap":{"0":{"name":"(anonymous_0)","decl":{"start":{"line":13,"column":34},"end":{"line":13,"column":35}},"loc":{"start":{"line":13,"column":52},"end":{"line":25,"column":1}},"line":13},"1":{"name":"(anonymous_1)","decl":{"start":{"line":27,"column":23},"end":{"line":27,"column":24}},"loc":{"start":{"line":27,"column":42},"end":{"line":97,"column":1}},"line":27}},"branchMap":{"0":{"loc":{"start":{"line":15,"column":4},"end":{"line":24,"column":5}},"type":"if","locations":[{"start":{"line":15,"column":4},"end":{"line":24,"column":5}},{"start":{"line":15,"column":4},"end":{"line":24,"column":5}}],"line":15},"1":{"loc":{"start":{"line":17,"column":11},"end":{"line":24,"column":5}},"type":"if","locations":[{"start":{"line":17,"column":11},"end":{"line":24,"column":5}},{"start":{"line":17,"column":11},"end":{"line":24,"column":5}}],"line":17},"2":{"loc":{"start":{"line":19,"column":10},"end":{"line":24,"column":5}},"type":"if","locations":[{"start":{"line":19,"column":10},"end":{"line":24,"column":5}},{"start":{"line":19,"column":10},"end":{"line":24,"column":5}}],"line":19},"3":{"loc":{"start":{"line":34,"column":4},"end":{"line":95,"column":5}},"type":"if","locations":[{"start":{"line":34,"column":4},"end":{"line":95,"column":5}},{"start":{"line":34,"column":4},"end":{"line":95,"column":5}}],"line":34},"4":{"loc":{"start":{"line":38,"column":11},"end":{"line":95,"column":5}},"type":"if","locations":[{"start":{"line":38,"column":11},"end":{"line":95,"column":5}},{"start":{"line":38,"column":11},"end":{"line":95,"column":5}}],"line":38},"5":{"loc":{"start":{"line":38,"column":15},"end":{"line":39,"column":52}},"type":"binary-expr","locations":[{"start":{"line":38,"column":15},"end":{"line":38,"column":30}},{"start":{"line":38,"column":34},"end":{"line":38,"column":58}},{"start":{"line":38,"column":62},"end":{"line":38,"column":81}},{"start":{"line":39,"column":11},"end":{"line":39,"column":31}},{"start":{"line":39,"column":35},"end":{"line":39,"column":52}}],"line":38},"6":{"loc":{"start":{"line":43,"column":11},"end":{"line":95,"column":5}},"type":"if","locations":[{"start":{"line":43,"column":11},"end":{"line":95,"column":5}},{"start":{"line":43,"column":11},"end":{"line":95,"column":5}}],"line":43},"7":{"loc":{"start":{"line":47,"column":11},"end":{"line":95,"column":5}},"type":"if","locations":[{"start":{"line":47,"column":11},"end":{"line":95,"column":5}},{"start":{"line":47,"column":11},"end":{"line":95,"column":5}}],"line":47},"8":{"loc":{"start":{"line":51,"column":11},"end":{"line":95,"column":5}},"type":"if","locations":[{"start":{"line":51,"column":11},"end":{"line":95,"column":5}},{"start":{"line":51,"column":11},"end":{"line":95,"column":5}}],"line":51},"9":{"loc":{"start":{"line":62,"column":12},"end":{"line":65,"column":13}},"type":"if","locations":[{"start":{"line":62,"column":12},"end":{"line":65,"column":13}},{"start":{"line":62,"column":12},"end":{"line":65,"column":13}}],"line":62},"10":{"loc":{"start":{"line":69,"column":8},"end":{"line":93,"column":9}},"type":"if","locations":[{"start":{"line":69,"column":8},"end":{"line":93,"column":9}},{"start":{"line":69,"column":8},"end":{"line":93,"column":9}}],"line":69},"11":{"loc":{"start":{"line":77,"column":16},"end":{"line":80,"column":17}},"type":"if","locations":[{"start":{"line":77,"column":16},"end":{"line":80,"column":17}},{"start":{"line":77,"column":16},"end":{"line":80,"column":17}}],"line":77},"12":{"loc":{"start":{"line":83,"column":12},"end":{"line":91,"column":13}},"type":"if","locations":[{"start":{"line":83,"column":12},"end":{"line":91,"column":13}},{"start":{"line":83,"column":12},"end":{"line":91,"column":13}}],"line":83}},"s":{"0":1,"1":1,"2":1,"3":1,"4":0,"5":0,"6":0,"7":0,"8":0,"9":0,"10":0,"11":0,"12":1,"13":0,"14":0,"15":0,"16":0,"17":0,"18":0,"19":0,"20":0,"21":0,"22":0,"23":0,"24":0,"25":0,"26":0,"27":0,"28":0,"29":0,"30":0,"31":0,"32":0,"33":0,"34":0,"35":0,"36":0,"37":0,"38":0,"39":0,"40":0,"41":0,"42":0,"43":1},"f":{"0":0,"1":0},"b":{"0":[0,0],"1":[0,0],"2":[0,0],"3":[0,0],"4":[0,0],"5":[0,0,0,0,0],"6":[0,0],"7":[0,0],"8":[0,0],"9":[0,0],"10":[0,0],"11":[0,0],"12":[0,0]},"_coverageSchema":"1a1c01bbd47fc00a2c39e90264f33305004495a9","hash":"76a034b09bddfc1827fbe1bf99475326e5a13766","contentHash":"97cc74a575f8ddd48c1b948cfd4f2a9277b343e0db51ccfbf5bbe4764a79327a"},"D:\\_XZONE_\\___MEAN___\\captionsconnection\\src\\app_server\\Client\\client.routes.js":{"path":"D:\\_XZONE_\\___MEAN___\\captionsconnection\\src\\app_server\\Client\\client.routes.js","statementMap":{"0":{"start":{"line":2,"column":26},"end":{"line":2,"column":44}},"1":{"start":{"line":4,"column":26},"end":{"line":4,"column":35}},"2":{"start":{"line":9,"column":26},"end":{"line":9,"column":56}},"3":{"start":{"line":11,"column":26},"end":{"line":11,"column":56}},"4":{"start":{"line":15,"column":0},"end":{"line":18,"column":3}},"5":{"start":{"line":16,"column":4},"end":{"line":16,"column":55}},"6":{"start":{"line":17,"column":4},"end":{"line":17,"column":25}},"7":{"start":{"line":22,"column":0},"end":{"line":22,"column":124}},"8":{"start":{"line":24,"column":0},"end":{"line":24,"column":131}},"9":{"start":{"line":32,"column":0},"end":{"line":32,"column":28}}},"fnMap":{"0":{"name":"(anonymous_0)","decl":{"start":{"line":15,"column":20},"end":{"line":15,"column":21}},"loc":{"start":{"line":15,"column":33},"end":{"line":18,"column":1}},"line":15}},"branchMap":{},"s":{"0":1,"1":1,"2":1,"3":1,"4":1,"5":0,"6":0,"7":1,"8":1,"9":1},"f":{"0":0},"b":{},"_coverageSchema":"1a1c01bbd47fc00a2c39e90264f33305004495a9","hash":"9fb3716e02a4b8c41fe8009e1dbf77ef33887226","contentHash":"4db4f03bd1454a79157f04b63f20d9e94756fbb518729d31840b3eb9d95c06da"},"D:\\_XZONE_\\___MEAN___\\captionsconnection\\src\\app_server\\Client\\client.controller.js":{"path":"D:\\_XZONE_\\___MEAN___\\captionsconnection\\src\\app_server\\Client\\client.controller.js","statementMap":{"0":{"start":{"line":4,"column":10},"end":{"line":4,"column":16}},"1":{"start":{"line":6,"column":15},"end":{"line":6,"column":40}},"2":{"start":{"line":7,"column":13},"end":{"line":7,"column":42}},"3":{"start":{"line":9,"column":19},"end":{"line":9,"column":60}},"4":{"start":{"line":11,"column":25},"end":{"line":11,"column":27}},"5":{"start":{"line":20,"column":0},"end":{"line":69,"column":2}},"6":{"start":{"line":22,"column":4},"end":{"line":68,"column":5}},"7":{"start":{"line":25,"column":8},"end":{"line":53,"column":11}},"8":{"start":{"line":26,"column":12},"end":{"line":52,"column":13}},"9":{"start":{"line":27,"column":16},"end":{"line":31,"column":18}},"10":{"start":{"line":33,"column":16},"end":{"line":40,"column":18}},"11":{"start":{"line":43,"column":16},"end":{"line":51,"column":17}},"12":{"start":{"line":44,"column":20},"end":{"line":46,"column":23}},"13":{"start":{"line":48,"column":20},"end":{"line":50,"column":23}},"14":{"start":{"line":55,"column":8},"end":{"line":59,"column":10}},"15":{"start":{"line":60,"column":8},"end":{"line":67,"column":10}},"16":{"start":{"line":74,"column":0},"end":{"line":239,"column":2}},"17":{"start":{"line":76,"column":4},"end":{"line":237,"column":5}},"18":{"start":{"line":78,"column":22},"end":{"line":78,"column":36}},"19":{"start":{"line":80,"column":8},"end":{"line":224,"column":11}},"20":{"start":{"line":81,"column":12},"end":{"line":223,"column":13}},"21":{"start":{"line":82,"column":16},"end":{"line":86,"column":18}},"22":{"start":{"line":88,"column":16},"end":{"line":95,"column":18}},"23":{"start":{"line":98,"column":16},"end":{"line":222,"column":17}},"24":{"start":{"line":99,"column":20},"end":{"line":103,"column":22}},"25":{"start":{"line":105,"column":20},"end":{"line":112,"column":22}},"26":{"start":{"line":114,"column":36},"end":{"line":114,"column":56}},"27":{"start":{"line":117,"column":20},"end":{"line":220,"column":23}},"28":{"start":{"line":119,"column":24},"end":{"line":219,"column":25}},"29":{"start":{"line":120,"column":28},"end":{"line":124,"column":30}},"30":{"start":{"line":125,"column":28},"end":{"line":132,"column":30}},"31":{"start":{"line":135,"column":28},"end":{"line":218,"column":30}},"32":{"start":{"line":140,"column":36},"end":{"line":216,"column":37}},"33":{"start":{"line":141,"column":40},"end":{"line":145,"column":42}},"34":{"start":{"line":146,"column":40},"end":{"line":153,"column":42}},"35":{"start":{"line":154,"column":43},"end":{"line":216,"column":37}},"36":{"start":{"line":156,"column":40},"end":{"line":200,"column":42}},"37":{"start":{"line":164,"column":48},"end":{"line":198,"column":49}},"38":{"start":{"line":165,"column":52},"end":{"line":169,"column":54}},"39":{"start":{"line":170,"column":52},"end":{"line":177,"column":54}},"40":{"start":{"line":183,"column":52},"end":{"line":194,"column":54}},"41":{"start":{"line":205,"column":40},"end":{"line":212,"column":42}},"42":{"start":{"line":229,"column":8},"end":{"line":236,"column":10}},"43":{"start":{"line":251,"column":0},"end":{"line":251,"column":34}}},"fnMap":{"0":{"name":"(anonymous_0)","decl":{"start":{"line":20,"column":36},"end":{"line":20,"column":37}},"loc":{"start":{"line":20,"column":50},"end":{"line":69,"column":1}},"line":20},"1":{"name":"(anonymous_1)","decl":{"start":{"line":25,"column":50},"end":{"line":25,"column":51}},"loc":{"start":{"line":25,"column":73},"end":{"line":53,"column":9}},"line":25},"2":{"name":"(anonymous_2)","decl":{"start":{"line":74,"column":28},"end":{"line":74,"column":29}},"loc":{"start":{"line":74,"column":42},"end":{"line":239,"column":1}},"line":74},"3":{"name":"(anonymous_3)","decl":{"start":{"line":80,"column":41},"end":{"line":80,"column":42}},"loc":{"start":{"line":80,"column":65},"end":{"line":224,"column":9}},"line":80},"4":{"name":"(anonymous_4)","decl":{"start":{"line":117,"column":35},"end":{"line":117,"column":36}},"loc":{"start":{"line":117,"column":60},"end":{"line":220,"column":21}},"line":117},"5":{"name":"(anonymous_5)","decl":{"start":{"line":139,"column":32},"end":{"line":139,"column":33}},"loc":{"start":{"line":139,"column":55},"end":{"line":217,"column":33}},"line":139},"6":{"name":"(anonymous_6)","decl":{"start":{"line":163,"column":44},"end":{"line":163,"column":45}},"loc":{"start":{"line":163,"column":69},"end":{"line":199,"column":45}},"line":163}},"branchMap":{"0":{"loc":{"start":{"line":22,"column":4},"end":{"line":68,"column":5}},"type":"if","locations":[{"start":{"line":22,"column":4},"end":{"line":68,"column":5}},{"start":{"line":22,"column":4},"end":{"line":68,"column":5}}],"line":22},"1":{"loc":{"start":{"line":26,"column":12},"end":{"line":52,"column":13}},"type":"if","locations":[{"start":{"line":26,"column":12},"end":{"line":52,"column":13}},{"start":{"line":26,"column":12},"end":{"line":52,"column":13}}],"line":26},"2":{"loc":{"start":{"line":43,"column":16},"end":{"line":51,"column":17}},"type":"if","locations":[{"start":{"line":43,"column":16},"end":{"line":51,"column":17}},{"start":{"line":43,"column":16},"end":{"line":51,"column":17}}],"line":43},"3":{"loc":{"start":{"line":76,"column":4},"end":{"line":237,"column":5}},"type":"if","locations":[{"start":{"line":76,"column":4},"end":{"line":237,"column":5}},{"start":{"line":76,"column":4},"end":{"line":237,"column":5}}],"line":76},"4":{"loc":{"start":{"line":81,"column":12},"end":{"line":223,"column":13}},"type":"if","locations":[{"start":{"line":81,"column":12},"end":{"line":223,"column":13}},{"start":{"line":81,"column":12},"end":{"line":223,"column":13}}],"line":81},"5":{"loc":{"start":{"line":98,"column":16},"end":{"line":222,"column":17}},"type":"if","locations":[{"start":{"line":98,"column":16},"end":{"line":222,"column":17}},{"start":{"line":98,"column":16},"end":{"line":222,"column":17}}],"line":98},"6":{"loc":{"start":{"line":119,"column":24},"end":{"line":219,"column":25}},"type":"if","locations":[{"start":{"line":119,"column":24},"end":{"line":219,"column":25}},{"start":{"line":119,"column":24},"end":{"line":219,"column":25}}],"line":119},"7":{"loc":{"start":{"line":140,"column":36},"end":{"line":216,"column":37}},"type":"if","locations":[{"start":{"line":140,"column":36},"end":{"line":216,"column":37}},{"start":{"line":140,"column":36},"end":{"line":216,"column":37}}],"line":140},"8":{"loc":{"start":{"line":154,"column":43},"end":{"line":216,"column":37}},"type":"if","locations":[{"start":{"line":154,"column":43},"end":{"line":216,"column":37}},{"start":{"line":154,"column":43},"end":{"line":216,"column":37}}],"line":154},"9":{"loc":{"start":{"line":164,"column":48},"end":{"line":198,"column":49}},"type":"if","locations":[{"start":{"line":164,"column":48},"end":{"line":198,"column":49}},{"start":{"line":164,"column":48},"end":{"line":198,"column":49}}],"line":164}},"s":{"0":1,"1":1,"2":1,"3":1,"4":1,"5":1,"6":0,"7":0,"8":0,"9":0,"10":0,"11":0,"12":0,"13":0,"14":0,"15":0,"16":1,"17":0,"18":0,"19":0,"20":0,"21":0,"22":0,"23":0,"24":0,"25":0,"26":0,"27":0,"28":0,"29":0,"30":0,"31":0,"32":0,"33":0,"34":0,"35":0,"36":0,"37":0,"38":0,"39":0,"40":0,"41":0,"42":0,"43":1},"f":{"0":0,"1":0,"2":0,"3":0,"4":0,"5":0,"6":0},"b":{"0":[0,0],"1":[0,0],"2":[0,0],"3":[0,0],"4":[0,0],"5":[0,0],"6":[0,0],"7":[0,0],"8":[0,0],"9":[0,0]},"_coverageSchema":"1a1c01bbd47fc00a2c39e90264f33305004495a9","hash":"caa0c100eb713668d6a13459c7ff4c1e47d8a5b4","contentHash":"17acc72946effb2a4b4c90839c57e94b3f20307db37e9784790942ebdce3219c"},"D:\\_XZONE_\\___MEAN___\\captionsconnection\\src\\app_server\\Client\\client.mdValidate.js":{"path":"D:\\_XZONE_\\___MEAN___\\captionsconnection\\src\\app_server\\Client\\client.mdValidate.js","statementMap":{"0":{"start":{"line":4,"column":30},"end":{"line":4,"column":56}},"1":{"start":{"line":7,"column":30},"end":{"line":7,"column":89}},"2":{"start":{"line":8,"column":30},"end":{"line":8,"column":53}},"3":{"start":{"line":13,"column":0},"end":{"line":25,"column":2}},"4":{"start":{"line":15,"column":4},"end":{"line":24,"column":5}},"5":{"start":{"line":16,"column":8},"end":{"line":16,"column":56}},"6":{"start":{"line":17,"column":11},"end":{"line":24,"column":5}},"7":{"start":{"line":18,"column":8},"end":{"line":18,"column":57}},"8":{"start":{"line":19,"column":10},"end":{"line":24,"column":5}},"9":{"start":{"line":20,"column":8},"end":{"line":20,"column":70}},"10":{"start":{"line":22,"column":8},"end":{"line":22,"column":61}},"11":{"start":{"line":23,"column":8},"end":{"line":23,"column":15}},"12":{"start":{"line":27,"column":0},"end":{"line":40,"column":2}},"13":{"start":{"line":29,"column":4},"end":{"line":39,"column":5}},"14":{"start":{"line":31,"column":8},"end":{"line":31,"column":54}},"15":{"start":{"line":32,"column":11},"end":{"line":39,"column":5}},"16":{"start":{"line":33,"column":8},"end":{"line":33,"column":85}},"17":{"start":{"line":34,"column":11},"end":{"line":39,"column":5}},"18":{"start":{"line":35,"column":8},"end":{"line":35,"column":71}},"19":{"start":{"line":37,"column":8},"end":{"line":37,"column":61}},"20":{"start":{"line":38,"column":8},"end":{"line":38,"column":15}},"21":{"start":{"line":42,"column":0},"end":{"line":45,"column":1}}},"fnMap":{"0":{"name":"(anonymous_0)","decl":{"start":{"line":13,"column":30},"end":{"line":13,"column":31}},"loc":{"start":{"line":13,"column":48},"end":{"line":25,"column":1}},"line":13},"1":{"name":"(anonymous_1)","decl":{"start":{"line":27,"column":28},"end":{"line":27,"column":29}},"loc":{"start":{"line":27,"column":47},"end":{"line":40,"column":1}},"line":27}},"branchMap":{"0":{"loc":{"start":{"line":15,"column":4},"end":{"line":24,"column":5}},"type":"if","locations":[{"start":{"line":15,"column":4},"end":{"line":24,"column":5}},{"start":{"line":15,"column":4},"end":{"line":24,"column":5}}],"line":15},"1":{"loc":{"start":{"line":17,"column":11},"end":{"line":24,"column":5}},"type":"if","locations":[{"start":{"line":17,"column":11},"end":{"line":24,"column":5}},{"start":{"line":17,"column":11},"end":{"line":24,"column":5}}],"line":17},"2":{"loc":{"start":{"line":19,"column":10},"end":{"line":24,"column":5}},"type":"if","locations":[{"start":{"line":19,"column":10},"end":{"line":24,"column":5}},{"start":{"line":19,"column":10},"end":{"line":24,"column":5}}],"line":19},"3":{"loc":{"start":{"line":29,"column":4},"end":{"line":39,"column":5}},"type":"if","locations":[{"start":{"line":29,"column":4},"end":{"line":39,"column":5}},{"start":{"line":29,"column":4},"end":{"line":39,"column":5}}],"line":29},"4":{"loc":{"start":{"line":32,"column":11},"end":{"line":39,"column":5}},"type":"if","locations":[{"start":{"line":32,"column":11},"end":{"line":39,"column":5}},{"start":{"line":32,"column":11},"end":{"line":39,"column":5}}],"line":32},"5":{"loc":{"start":{"line":34,"column":11},"end":{"line":39,"column":5}},"type":"if","locations":[{"start":{"line":34,"column":11},"end":{"line":39,"column":5}},{"start":{"line":34,"column":11},"end":{"line":39,"column":5}}],"line":34}},"s":{"0":1,"1":1,"2":1,"3":1,"4":0,"5":0,"6":0,"7":0,"8":0,"9":0,"10":0,"11":0,"12":1,"13":0,"14":0,"15":0,"16":0,"17":0,"18":0,"19":0,"20":0,"21":1},"f":{"0":0,"1":0},"b":{"0":[0,0],"1":[0,0],"2":[0,0],"3":[0,0],"4":[0,0],"5":[0,0]},"_coverageSchema":"1a1c01bbd47fc00a2c39e90264f33305004495a9","hash":"394409dd053775c5ebaa5298dccce5e484feb0ca","contentHash":"353e534084d50d1428a5c9c9139870849948824499ceea1f73104a232e965fa6"},"D:\\_XZONE_\\___MEAN___\\captionsconnection\\src\\app_server\\User\\user.routes.js":{"path":"D:\\_XZONE_\\___MEAN___\\captionsconnection\\src\\app_server\\User\\user.routes.js","statementMap":{"0":{"start":{"line":2,"column":26},"end":{"line":2,"column":44}},"1":{"start":{"line":3,"column":26},"end":{"line":3,"column":35}},"2":{"start":{"line":9,"column":26},"end":{"line":9,"column":54}},"3":{"start":{"line":11,"column":26},"end":{"line":11,"column":54}},"4":{"start":{"line":15,"column":0},"end":{"line":18,"column":3}},"5":{"start":{"line":16,"column":4},"end":{"line":16,"column":56}},"6":
[...]
,"column":15},"end":{"line":7,"column":48}},"3":{"start":{"line":8,"column":19},"end":{"line":8,"column":60}},"4":{"start":{"line":10,"column":19},"end":{"line":10,"column":60}},"5":{"start":{"line":12,"column":23},"end":{"line":12,"column":25}},"6":{"start":{"line":16,"column":0},"end":{"line":65,"column":2}},"7":{"start":{"line":17,"column":4},"end":{"line":17,"column":51}},"8":{"start":{"line":18,"column":4},"end":{"line":64,"column":5}},"9":{"start":{"line":21,"column":8},"end":{"line":49,"column":11}},"10":{"start":{"line":22,"column":12},"end":{"line":48,"column":13}},"11":{"start":{"line":23,"column":16},"end":{"line":27,"column":18}},"12":{"start":{"line":29,"column":16},"end":{"line":36,"column":18}},"13":{"start":{"line":39,"column":16},"end":{"line":47,"column":17}},"14":{"start":{"line":40,"column":20},"end":{"line":42,"column":23}},"15":{"start":{"line":44,"column":20},"end":{"line":46,"column":23}},"16":{"start":{"line":51,"column":8},"end":{"line":55,"column":10}},"17":{"start":{"line":56,"column":8},"end":{"line":63,"column":10}},"18":{"start":{"line":68,"column":0},"end":{"line":366,"column":2}},"19":{"start":{"line":71,"column":4},"end":{"line":364,"column":5}},"20":{"start":{"line":79,"column":22},"end":{"line":79,"column":36}},"21":{"start":{"line":81,"column":8},"end":{"line":346,"column":11}},"22":{"start":{"line":82,"column":12},"end":{"line":345,"column":13}},"23":{"start":{"line":83,"column":16},"end":{"line":87,"column":18}},"24":{"start":{"line":89,"column":16},"end":{"line":96,"column":18}},"25":{"start":{"line":99,"column":16},"end":{"line":344,"column":17}},"26":{"start":{"line":100,"column":20},"end":{"line":107,"column":22}},"27":{"start":{"line":109,"column":34},"end":{"line":109,"column":52}},"28":{"start":{"line":111,"column":20},"end":{"line":343,"column":21}},"29":{"start":{"line":117,"column":24},"end":{"line":119,"column":26}},"30":{"start":{"line":121,"column":24},"end":{"line":331,"column":27}},"31":{"start":{"line":122,"column":28},"end":{"line":330,"column":29}},"32":{"start":{"line":124,"column":32},"end":{"line":128,"column":34}},"33":{"start":{"line":129,"column":32},"end":{"line":136,"column":34}},"34":{"start":{"line":140,"column":32},"end":{"line":327,"column":33}},"35":{"start":{"line":142,"column":36},"end":{"line":219,"column":38}},"36":{"start":{"line":150,"column":44},"end":{"line":217,"column":45}},"37":{"start":{"line":151,"column":48},"end":{"line":157,"column":50}},"38":{"start":{"line":158,"column":51},"end":{"line":217,"column":45}},"39":{"start":{"line":160,"column":48},"end":{"line":198,"column":50}},"40":{"start":{"line":168,"column":56},"end":{"line":196,"column":57}},"41":{"start":{"line":169,"column":60},"end":{"line":175,"column":62}},"42":{"start":{"line":178,"column":60},"end":{"line":182,"column":62}},"43":{"start":{"line":183,"column":60},"end":{"line":194,"column":62}},"44":{"start":{"line":202,"column":48},"end":{"line":206,"column":50}},"45":{"start":{"line":207,"column":48},"end":{"line":214,"column":50}},"46":{"start":{"line":224,"column":37},"end":{"line":327,"column":33}},"47":{"start":{"line":226,"column":36},"end":{"line":304,"column":38}},"48":{"start":{"line":234,"column":44},"end":{"line":302,"column":45}},"49":{"start":{"line":235,"column":48},"end":{"line":241,"column":50}},"50":{"start":{"line":242,"column":51},"end":{"line":302,"column":45}},"51":{"start":{"line":244,"column":48},"end":{"line":283,"column":50}},"52":{"start":{"line":252,"column":56},"end":{"line":281,"column":57}},"53":{"start":{"line":253,"column":60},"end":{"line":259,"column":62}},"54":{"start":{"line":262,"column":60},"end":{"line":266,"column":62}},"55":{"start":{"line":267,"column":60},"end":{"line":278,"column":62}},"56":{"start":{"line":287,"column":48},"end":{"line":291,"column":50}},"57":{"start":{"line":292,"column":48},"end":{"line":299,"column":50}},"58":{"start":{"line":312,"column":36},"end":{"line":316,"column":38}},"59":{"start":{"line":317,"column":36},"end":{"line":324,"column":38}},"60":{"start":{"line":335,"column":24},"end":{"line":342,"column":26}},"61":{"start":{"line":351,"column":8},"end":{"line":355,"column":10}},"62":{"start":{"line":356,"column":8},"end":{"line":363,"column":10}},"63":{"start":{"line":588,"column":0},"end":{"line":588,"column":32}}},"fnMap":{"0":{"name":"(anonymous_0)","decl":{"start":{"line":16,"column":34},"end":{"line":16,"column":35}},"loc":{"start":{"line":16,"column":48},"end":{"line":65,"column":1}},"line":16},"1":{"name":"(anonymous_1)","decl":{"start":{"line":21,"column":48},"end":{"line":21,"column":49}},"loc":{"start":{"line":21,"column":70},"end":{"line":49,"column":9}},"line":21},"2":{"name":"(anonymous_2)","decl":{"start":{"line":68,"column":26},"end":{"line":68,"column":27}},"loc":{"start":{"line":68,"column":40},"end":{"line":366,"column":1}},"line":68},"3":{"name":"(anonymous_3)","decl":{"start":{"line":81,"column":39},"end":{"line":81,"column":40}},"loc":{"start":{"line":81,"column":67},"end":{"line":346,"column":9}},"line":81},"4":{"name":"(anonymous_4)","decl":{"start":{"line":121,"column":37},"end":{"line":121,"column":38}},"loc":{"start":{"line":121,"column":60},"end":{"line":331,"column":25}},"line":121},"5":{"name":"(anonymous_5)","decl":{"start":{"line":149,"column":40},"end":{"line":149,"column":41}},"loc":{"start":{"line":149,"column":69},"end":{"line":218,"column":41}},"line":149},"6":{"name":"(anonymous_6)","decl":{"start":{"line":167,"column":52},"end":{"line":167,"column":53}},"loc":{"start":{"line":167,"column":79},"end":{"line":197,"column":53}},"line":167},"7":{"name":"(anonymous_7)","decl":{"start":{"line":233,"column":40},"end":{"line":233,"column":41}},"loc":{"start":{"line":233,"column":65},"end":{"line":303,"column":41}},"line":233},"8":{"name":"(anonymous_8)","decl":{"start":{"line":251,"column":52},"end":{"line":251,"column":53}},"loc":{"start":{"line":251,"column":79},"end":{"line":282,"column":53}},"line":251}},"branchMap":{"0":{"loc":{"start":{"line":18,"column":4},"end":{"line":64,"column":5}},"type":"if","locations":[{"start":{"line":18,"column":4},"end":{"line":64,"column":5}},{"start":{"line":18,"column":4},"end":{"line":64,"column":5}}],"line":18},"1":{"loc":{"start":{"line":22,"column":12},"end":{"line":48,"column":13}},"type":"if","locations":[{"start":{"line":22,"column":12},"end":{"line":48,"column":13}},{"start":{"line":22,"column":12},"end":{"line":48,"column":13}}],"line":22},"2":{"loc":{"start":{"line":39,"column":16},"end":{"line":47,"column":17}},"type":"if","locations":[{"start":{"line":39,"column":16},"end":{"line":47,"column":17}},{"start":{"line":39,"column":16},"end":{"line":47,"column":17}}],"line":39},"3":{"loc":{"start":{"line":71,"column":4},"end":{"line":364,"column":5}},"type":"if","locations":[{"start":{"line":71,"column":4},"end":{"line":364,"column":5}},{"start":{"line":71,"column":4},"end":{"line":364,"column":5}}],"line":71},"4":{"loc":{"start":{"line":72,"column":8},"end":{"line":76,"column":21}},"type":"binary-expr","locations":[{"start":{"line":72,"column":8},"end":{"line":72,"column":21}},{"start":{"line":73,"column":8},"end":{"line":73,"column":22}},{"start":{"line":74,"column":8},"end":{"line":74,"column":29}},{"start":{"line":75,"column":8},"end":{"line":75,"column":25}},{"start":{"line":76,"column":8},"end":{"line":76,"column":21}}],"line":72},"5":{"loc":{"start":{"line":82,"column":12},"end":{"line":345,"column":13}},"type":"if","locations":[{"start":{"line":82,"column":12},"end":{"line":345,"column":13}},{"start":{"line":82,"column":12},"end":{"line":345,"column":13}}],"line":82},"6":{"loc":{"start":{"line":99,"column":16},"end":{"line":344,"column":17}},"type":"if","locations":[{"start":{"line":99,"column":16},"end":{"line":344,"column":17}},{"start":{"line":99,"column":16},"end":{"line":344,"column":17}}],"line":99},"7":{"loc":{"start":{"line":111,"column":20},"end":{"line":343,"column":21}},"type":"if","locations":[{"start":{"line":111,"column":20},"end":{"line":343,"column":21}},{"start":{"line":111,"column":20},"end":{"line":343,"column":21}}],"line":111},"8":{"loc":{"start":{"line":122,"column":28},"end":{"line":330,"column":29}},"type":"if","locations":[{"start":{"line":122,"column":28},"end":{"line":330,"column":29}},{"start":{"line":122,"column":28},"end":{"line":330,"column":29}}],"line":122},"9":{"loc":{"start":{"line":140,"column":32},"end":{"line":327,"column":33}},"type":"if","locations":[{"start":{"line":140,"column":32},"end":{"line":327,"column":33}},{"start":{"line":140,"column":32},"end":{"line":327,"column":33}}],"line":140},"10":{"loc":{"start":{"line":150,"column":44},"end":{"line":217,"column":45}},"type":"if","locations":[{"start":{"line":150,"column":44},"end":{"line":217,"column":45}},{"start":{"line":150,"column":44},"end":{"line":217,"column":45}}],"line":150},"11":{"loc":{"start":{"line":158,"column":51},"end":{"line":217,"column":45}},"type":"if","locations":[{"start":{"line":158,"column":51},"end":{"line":217,"column":45}},{"start":{"line":158,"column":51},"end":{"line":217,"column":45}}],"line":158},"12":{"loc":{"start":{"line":168,"column":56},"end":{"line":196,"column":57}},"type":"if","locations":[{"start":{"line":168,"column":56},"end":{"line":196,"column":57}},{"start":{"line":168,"column":56},"end":{"line":196,"column":57}}],"line":168},"13":{"loc":{"start":{"line":224,"column":37},"end":{"line":327,"column":33}},"type":"if","locations":[{"start":{"line":224,"column":37},"end":{"line":327,"column":33}},{"start":{"line":224,"column":37},"end":{"line":327,"column":33}}],"line":224},"14":{"loc":{"start":{"line":234,"column":44},"end":{"line":302,"column":45}},"type":"if","locations":[{"start":{"line":234,"column":44},"end":{"line":302,"column":45}},{"start":{"line":234,"column":44},"end":{"line":302,"column":45}}],"line":234},"15":{"loc":{"start":{"line":242,"column":51},"end":{"line":302,"column":45}},"type":"if","locations":[{"start":{"line":242,"column":51},"end":{"line":302,"column":45}},{"start":{"line":242,"column":51},"end":{"line":302,"column":45}}],"line":242},"16":{"loc":{"start":{"line":252,"column":56},"end":{"line":281,"column":57}},"type":"if","locations":[{"start":{"line":252,"column":56},"end":{"line":281,"column":57}},{"start":{"line":252,"column":56},"end":{"line":281,"column":57}}],"line":252}},"s":{"0":1,"1":1,"2":1,"3":1,"4":1,"5":1,"6":1,"7":0,"8":0,"9":0,"10":0,"11":0,"12":0,"13":0,"14":0,"15":0,"16":0,"17":0,"18":1,"19":0,"20":0,"21":0,"22":0,"23":0,"24":0,"25":0,"26":0,"27":0,"28":0,"29":0,"30":0,"31":0,"32":0,"33":0,"34":0,"35":0,"36":0,"37":0,"38":0,"39":0,"40":0,"41":0,"42":0,"43":0,"44":0,"45":0,"46":0,"47":0,"48":0,"49":0,"50":0,"51":0,"52":0,"53":0,"54":0,"55":0,"56":0,"57":0,"58":0,"59":0,"60":0,"61":0,"62":0,"63":1},"f":{"0":0,"1":0,"2":0,"3":0,"4":0,"5":0,"6":0,"7":0,"8":0},"b":{"0":[0,0],"1":[0,0],"2":[0,0],"3":[0,0],"4":[0,0,0,0,0],"5":[0,0],"6":[0,0],"7":[0,0],"8":[0,0],"9":[0,0],"10":[0,0],"11":[0,0],"12":[0,0],"13":[0,0],"14":[0,0],"15":[0,0],"16":[0,0]},"_coverageSchema":"1a1c01bbd47fc00a2c39e90264f33305004495a9","hash":"690b02288e1e462920bdfaecb4d55b0e07884de2","contentHash":"d60b92271140180c990c1ae4297104484f12b42e06e9862ed88f14a27517c042"},"D:\\_XZONE_\\___MEAN___\\captionsconnection\\src\\app_server\\User\\user.mdValidate.js":{"path":"D:\\_XZONE_\\___MEAN___\\captionsconnection\\src\\app_server\\User\\user.mdValidate.js","statementMap":{"0":{"start":{"line":4,"column":19},"end":{"line":4,"column":43}},"1":{"start":{"line":5,"column":19},"end":{"line":5,"column":40}},"2":{"start":{"line":6,"column":18},"end":{"line":6,"column":38}},"3":{"start":{"line":7,"column":17},"end":{"line":7,"column":36}},"4":{"start":{"line":8,"column":10},"end":{"line":8,"column":16}},"5":{"start":{"line":13,"column":28},"end":{"line":14,"column":22}},"6":{"start":{"line":16,"column":0},"end":{"line":28,"column":2}},"7":{"start":{"line":18,"column":4},"end":{"line":27,"column":5}},"8":{"start":{"line":19,"column":8},"end":{"line":19,"column":56}},"9":{"start":{"line":20,"column":11},"end":{"line":27,"column":5}},"10":{"start":{"line":21,"column":8},"end":{"line":21,"column":57}},"11":{"start":{"line":22,"column":11},"end":{"line":27,"column":5}},"12":{"start":{"line":23,"column":8},"end":{"line":23,"column":71}},"13":{"start":{"line":25,"column":8},"end":{"line":25,"column":61}},"14":{"start":{"line":26,"column":8},"end":{"line":26,"column":15}},"15":{"start":{"line":30,"column":0},"end":{"line":84,"column":2}},"16":{"start":{"line":31,"column":4},"end":{"line":83,"column":5}},"17":{"start":{"line":33,"column":8},"end":{"line":33,"column":56}},"18":{"start":{"line":34,"column":11},"end":{"line":83,"column":5}},"19":{"start":{"line":36,"column":8},"end":{"line":39,"column":10}},"20":{"start":{"line":40,"column":11},"end":{"line":83,"column":5}},"21":{"start":{"line":42,"column":8},"end":{"line":45,"column":10}},"22":{"start":{"line":46,"column":11},"end":{"line":83,"column":5}},"23":{"start":{"line":53,"column":8},"end":{"line":53,"column":61}},"24":{"start":{"line":54,"column":11},"end":{"line":83,"column":5}},"25":{"start":{"line":55,"column":8},"end":{"line":55,"column":60}},"26":{"start":{"line":56,"column":11},"end":{"line":83,"column":5}},"27":{"start":{"line":57,"column":8},"end":{"line":57,"column":62}},"28":{"start":{"line":59,"column":8},"end":{"line":59,"column":61}},"29":{"start":{"line":60,"column":8},"end":{"line":60,"column":59}},"30":{"start":{"line":61,"column":8},"end":{"line":61,"column":51}},"31":{"start":{"line":61,"column":28},"end":{"line":61,"column":51}},"32":{"start":{"line":62,"column":8},"end":{"line":82,"column":9}},"33":{"start":{"line":64,"column":12},"end":{"line":67,"column":14}},"34":{"start":{"line":70,"column":12},"end":{"line":79,"column":13}},"35":{"start":{"line":72,"column":16},"end":{"line":72,"column":50}},"36":{"start":{"line":73,"column":19},"end":{"line":79,"column":13}},"37":{"start":{"line":75,"column":16},"end":{"line":75,"column":46}},"38":{"start":{"line":78,"column":16},"end":{"line":78,"column":44}},"39":{"start":{"line":81,"column":12},"end":{"line":81,"column":19}},"40":{"start":{"line":86,"column":0},"end":{"line":89,"column":2}}},"fnMap":{"0":{"name":"(anonymous_0)","decl":{"start":{"line":16,"column":28},"end":{"line":16,"column":29}},"loc":{"start":{"line":16,"column":48},"end":{"line":28,"column":1}},"line":16},"1":{"name":"(anonymous_1)","decl":{"start":{"line":30,"column":24},"end":{"line":30,"column":25}},"loc":{"start":{"line":30,"column":44},"end":{"line":84,"column":1}},"line":30}},"branchMap":{"0":{"loc":{"start":{"line":18,"column":4},"end":{"line":27,"column":5}},"type":"if","locations":[{"start":{"line":18,"column":4},"end":{"line":27,"column":5}},{"start":{"line":18,"column":4},"end":{"line":27,"column":5}}],"line":18},"1":{"loc":{"start":{"line":20,"column":11},"end":{"line":27,"column":5}},"type":"if","locations":[{"start":{"line":20,"column":11},"end":{"line":27,"column":5}},{"start":{"line":20,"column":11},"end":{"line":27,"column":5}}],"line":20},"2":{"loc":{"start":{"line":22,"column":11},"end":{"line":27,"column":5}},"type":"if","locations":[{"start":{"line":22,"column":11},"end":{"line":27,"column":5}},{"start":{"line":22,"column":11},"end":{"line":27,"column":5}}],"line":22},"3":{"loc":{"start":{"line":31,"column":4},"end":{"line":83,"column":5}},"type":"if","locations":[{"start":{"line":31,"column":4},"end":{"line":83,"column":5}},{"start":{"line":31,"column":4},"end":{"line":83,"column":5}}],"line":31},"4":{"loc":{"start":{"line":34,"column":11},"end":{"line":83,"column":5}},"type":"if","locations":[{"start":{"line":34,"column":11},"end":{"line":83,"column":5}},{"start":{"line":34,"column":11},"end":{"line":83,"column":5}}],"line":34},"5":{"loc":{"start":{"line":40,"column":11},"end":{"line":83,"column":5}},"type":"if","locations":[{"start":{"line":40,"column":11},"end":{"line":83,"column":5}},{"start":{"line":40,"column":11},"end":{"line":83,"column":5}}],"line":40},"6":{"loc":{"start":{"line":46,"column":11},"end":{"line":83,"column":5}},"type":"if","locations":[{"start":{"line":46,"column":11},"end":{"line":83,"column":5}},{"start":{"line":46,"column":11},"end":{"line":83,"column":5}}],"line":46},"7":{"loc":{"start":{"line":47,"column":8},"end":{"line":50,"column":30}},"type":"binary-expr","locations":[{"start":{"line":47,"column":8},"end":{"line":47,"column":23}},{"start":{"line":48,"column":8},"end":{"line":48,"column":22}},{"start":{"line":49,"column":8},"end":{"line":49,"column":26}},{"start":{"line":50,"column":8},"end":{"line":50,"column":30}}],"line":47},"8":{"loc":{"start":{"line":54,"column":11},"end":{"line":83,"column":5}},"type":"if","locations":[{"start":{"line":54,"column":11},"end":{"line":83,"column":5}},{"start":{"line":54,"column":11},"end":{"line":83,"column":5}}],"line":54},"9":{"loc":{"start":{"line":56,"column":11},"end":{"line":83,"column":5}},"type":"if","locations":[{"start":{"line":56,"column":11},"end":{"line":83,"column":5}},{"start":{"line":56,"column":11},"end":{"line":83,"column":5}}],"line":56},"10":{"loc":{"start":{"line":61,"column":8},"end":{"line":61,"column":51}},"type":"if","locations":[{"start":{"line":61,"column":8},"end":{"line":61,"column":51}},{"start":{"line":61,"column":8},"end":{"line":61,"column":51}}],"line":61},"11":{"loc":{"start":{"line":62,"column":8},"end":{"line":82,"column":9}},"type":"if","locations":[{"start":{"line":62,"column":8},"end":{"line":82,"column":9}},{"start":{"line":62,"column":8},"end":{"line":82,"column":9}}],"line":62},"12":{"loc":{"start":{"line":70,"column":12},"end":{"line":79,"column":13}},"type":"if","locations":[{"start":{"line":70,"column":12},"end":{"line":79,"column":13}},{"start":{"line":70,"column":12},"end":{"line":79,"column":13}}],"line":70},"13":{"loc":{"start":{"line":73,"column":19},"end":{"line":79,"column":13}},"type":"if","locations":[{"start":{"line":73,"column":19},"end":{"line":79,"column":13}},{"start":{"line":73,"column":19},"end":{"line":79,"column":13}}],"line":73}},"s":{"0":1,"1":1,"2":1,"3":1,"4":1,"5":1,"6":1,"7":0,"8":0,"9":0,"10":0,"11":0,"12":0,"13":0,"14":0,"15":1,"16":0,"17":0,"18":0,"19":0,"20":0,"21":0,"22":0,"23":0,"24":0,"25":0,"26":0,"27":0,"28":0,"29":0,"30":0,"31":0,"32":0,"33":0,"34":0,"35":0,"36":0,"37":0,"38":0,"39":0,"40":1},"f":{"0":0,"1":0},"b":{"0":[0,0],"1":[0,0],"2":[0,0],"3":[0,0],"4":[0,0],"5":[0,0],"6":[0,0],"7":[0,0,0,0],"8":[0,0],"9":[0,0],"10":[0,0],"11":[0,0],"12":[0,0],"13":[0,0]},"_coverageSchema":"1a1c01bbd47fc00a2c39e90264f33305004495a9","hash":"9f7a22759a68561ed90b9f7b064431d160d8f653","contentHash":"3a4df389c7d484adee8b6da31902e19e7e3a6db079601b865e1e176e9f7ac66d"},"D:\\_XZONE_\\___MEAN___\\captionsconnection\\src\\app_server\\routes\\main\\home.routes.js":{"path":"D:\\_XZONE_\\___MEAN___\\captionsconnection\\src\\app_server\\routes\\main\\home.routes.js","statementMap":{"0":{"start":{"line":9,"column":16},"end":{"line":9,"column":34}},"1":{"start":{"line":10,"column":19},"end":{"line":10,"column":28}},"2":{"start":{"line":13,"column":0},"end":{"line":20,"column":3}},"3":{"start":{"line":15,"column":4},"end":{"line":19,"column":7}},"4":{"start":{"line":22,"column":0},"end":{"line":29,"column":3}},"5":{"start":{"line":24,"column":4},"end":{"line":28,"column":7}},"6":{"start":{"line":31,"column":0},"end":{"line":31,"column":28}}},"fnMap":{"0":{"name":"(anonymous_0)","decl":{"start":{"line":13,"column":20},"end":{"line":13,"column":21}},"loc":{"start":{"line":13,"column":34},"end":{"line":20,"column":1}},"line":13},"1":{"name":"(anonymous_1)","decl":{"start":{"line":22,"column":24},"end":{"line":22,"column":25}},"loc":{"start":{"line":22,"column":38},"end":{"line":29,"column":1}},"line":22}},"branchMap":{},"s":{"0":1,"1":1,"2":1,"3":1,"4":1,"5":1,"6":1},"f":{"0":1,"1":1},"b":{},"_coverageSchema":"1a1c01bbd47fc00a2c39e90264f33305004495a9","hash":"03df9edbfe66836b989d7a0c9d421155fa51081b","contentHash":"5b45f40c462f9cb123609a0aa5ac6010f582b09ce5f789062b4d8a410caab571"}}